mode: set
github.com/zeroflucs-given/charybdis/examples/projections/main.go:25.13,29.41 3 0
github.com/zeroflucs-given/charybdis/examples/projections/main.go:29.41,33.3 3 0
github.com/zeroflucs-given/charybdis/examples/projections/main.go:35.2,46.16 3 0
github.com/zeroflucs-given/charybdis/examples/projections/main.go:46.16,47.13 1 0
github.com/zeroflucs-given/charybdis/examples/projections/main.go:53.2,74.16 3 0
github.com/zeroflucs-given/charybdis/examples/projections/main.go:74.16,75.13 1 0
github.com/zeroflucs-given/charybdis/examples/projections/main.go:77.2,89.21 5 0
github.com/zeroflucs-given/charybdis/examples/projections/main.go:89.21,90.18 1 0
github.com/zeroflucs-given/charybdis/examples/projections/main.go:94.2,96.16 3 0
github.com/zeroflucs-given/charybdis/examples/projections/main.go:96.16,97.13 1 0
github.com/zeroflucs-given/charybdis/examples/projections/main.go:100.2,100.69 1 0
github.com/zeroflucs-given/charybdis/examples/writecontention/main.go:37.13,52.34 10 0
github.com/zeroflucs-given/charybdis/examples/writecontention/main.go:52.34,54.17 1 0
github.com/zeroflucs-given/charybdis/examples/writecontention/main.go:54.17,57.5 2 0
github.com/zeroflucs-given/charybdis/examples/writecontention/main.go:61.2,62.16 2 0
github.com/zeroflucs-given/charybdis/examples/writecontention/main.go:62.16,63.13 1 0
github.com/zeroflucs-given/charybdis/examples/writecontention/main.go:65.2,65.18 1 0
github.com/zeroflucs-given/charybdis/examples/writecontention/main.go:69.51,71.22 2 0
github.com/zeroflucs-given/charybdis/examples/writecontention/main.go:71.22,73.3 1 0
github.com/zeroflucs-given/charybdis/examples/writecontention/main.go:74.2,74.12 1 0
github.com/zeroflucs-given/charybdis/examples/writecontention/main.go:77.27,81.2 3 0
github.com/zeroflucs-given/charybdis/examples/writecontention/main.go:83.65,85.2 1 0
github.com/zeroflucs-given/charybdis/examples/writecontention/main.go:87.62,90.41 2 0
github.com/zeroflucs-given/charybdis/examples/writecontention/main.go:90.41,93.3 2 0
github.com/zeroflucs-given/charybdis/examples/writecontention/main.go:95.2,104.16 2 0
github.com/zeroflucs-given/charybdis/examples/writecontention/main.go:104.16,105.13 1 0
github.com/zeroflucs-given/charybdis/examples/writecontention/main.go:108.2,108.16 1 0
github.com/zeroflucs-given/charybdis/examples/writecontention/main.go:111.83,116.20 4 0
github.com/zeroflucs-given/charybdis/examples/writecontention/main.go:116.20,118.3 1 0
github.com/zeroflucs-given/charybdis/examples/writecontention/main.go:120.2,123.22 3 0
github.com/zeroflucs-given/charybdis/examples/writecontention/main.go:123.22,126.3 2 0
github.com/zeroflucs-given/charybdis/examples/writecontention/main.go:128.2,128.12 1 0
github.com/zeroflucs-given/charybdis/examples/writecontention/main.go:131.57,135.34 3 0
github.com/zeroflucs-given/charybdis/examples/writecontention/main.go:135.34,136.22 1 0
github.com/zeroflucs-given/charybdis/examples/writecontention/main.go:136.22,138.4 1 0
github.com/zeroflucs-given/charybdis/examples/writecontention/main.go:139.3,144.23 2 0
github.com/zeroflucs-given/charybdis/examples/writecontention/main.go:144.23,145.20 1 0
github.com/zeroflucs-given/charybdis/examples/writecontention/main.go:150.53,154.129 3 0
github.com/zeroflucs-given/charybdis/examples/writecontention/main.go:154.129,158.31 2 0
github.com/zeroflucs-given/charybdis/examples/writecontention/main.go:158.31,160.24 2 0
github.com/zeroflucs-given/charybdis/examples/writecontention/main.go:160.24,162.5 1 0
github.com/zeroflucs-given/charybdis/examples/writecontention/main.go:164.3,164.19 1 0
github.com/zeroflucs-given/charybdis/examples/writecontention/main.go:166.2,166.20 1 0
github.com/zeroflucs-given/charybdis/examples/writecontention/main.go:166.20,167.17 1 0
github.com/zeroflucs-given/charybdis/examples/views/main.go:22.13,26.41 3 0
github.com/zeroflucs-given/charybdis/examples/views/main.go:26.41,28.3 1 0
github.com/zeroflucs-given/charybdis/examples/views/main.go:29.2,40.39 3 0
github.com/zeroflucs-given/charybdis/examples/views/main.go:40.39,41.13 1 0
github.com/zeroflucs-given/charybdis/examples/views/main.go:45.2,58.38 2 0
github.com/zeroflucs-given/charybdis/examples/views/main.go:58.38,59.13 1 0
github.com/zeroflucs-given/charybdis/examples/simple/main.go:25.13,31.41 4 0
github.com/zeroflucs-given/charybdis/examples/simple/main.go:31.41,33.3 1 0
github.com/zeroflucs-given/charybdis/examples/simple/main.go:34.2,45.16 3 0
github.com/zeroflucs-given/charybdis/examples/simple/main.go:45.16,46.13 1 0
github.com/zeroflucs-given/charybdis/examples/simple/main.go:50.2,51.129 2 0
github.com/zeroflucs-given/charybdis/examples/simple/main.go:51.129,55.31 2 0
github.com/zeroflucs-given/charybdis/examples/simple/main.go:55.31,57.24 2 0
github.com/zeroflucs-given/charybdis/examples/simple/main.go:57.24,59.5 1 0
github.com/zeroflucs-given/charybdis/examples/simple/main.go:61.3,61.19 1 0
github.com/zeroflucs-given/charybdis/examples/simple/main.go:63.2,63.20 1 0
github.com/zeroflucs-given/charybdis/examples/simple/main.go:63.20,64.17 1 0
github.com/zeroflucs-given/charybdis/examples/simple/main.go:68.2,69.45 2 0
github.com/zeroflucs-given/charybdis/examples/simple/main.go:69.45,70.17 1 0
github.com/zeroflucs-given/charybdis/examples/simple/main.go:70.17,72.4 1 0
github.com/zeroflucs-given/charybdis/examples/simple/main.go:73.3,78.23 2 0
github.com/zeroflucs-given/charybdis/examples/simple/main.go:78.23,79.20 1 0
github.com/zeroflucs-given/charybdis/examples/simple/main.go:85.2,90.54 3 0
github.com/zeroflucs-given/charybdis/examples/simple/main.go:90.54,91.35 1 0
github.com/zeroflucs-given/charybdis/examples/simple/main.go:95.2,97.33 3 0
github.com/zeroflucs-given/charybdis/examples/simple/main.go:97.33,98.13 1 0
github.com/zeroflucs-given/charybdis/mapping/by_example.go:15.106,17.14 2 0
github.com/zeroflucs-given/charybdis/mapping/by_example.go:17.14,19.3 1 0
github.com/zeroflucs-given/charybdis/mapping/by_example.go:21.2,28.46 3 0
github.com/zeroflucs-given/charybdis/mapping/by_example.go:28.46,33.19 3 0
github.com/zeroflucs-given/charybdis/mapping/by_example.go:33.19,34.12 1 0
github.com/zeroflucs-given/charybdis/mapping/by_example.go:36.3,37.23 2 0
github.com/zeroflucs-given/charybdis/mapping/by_example.go:37.23,38.12 1 0
github.com/zeroflucs-given/charybdis/mapping/by_example.go:42.3,44.25 3 0
github.com/zeroflucs-given/charybdis/mapping/by_example.go:44.25,46.4 1 0
github.com/zeroflucs-given/charybdis/mapping/by_example.go:46.9,48.24 2 0
github.com/zeroflucs-given/charybdis/mapping/by_example.go:48.24,50.5 1 0
github.com/zeroflucs-given/charybdis/mapping/by_example.go:51.4,51.31 1 0
github.com/zeroflucs-given/charybdis/mapping/by_example.go:55.3,63.25 4 0
github.com/zeroflucs-given/charybdis/mapping/by_example.go:63.25,65.23 2 0
github.com/zeroflucs-given/charybdis/mapping/by_example.go:65.23,67.5 1 0
github.com/zeroflucs-given/charybdis/mapping/by_example.go:69.4,74.6 2 0
github.com/zeroflucs-given/charybdis/mapping/by_example.go:78.3,79.20 2 0
github.com/zeroflucs-given/charybdis/mapping/by_example.go:79.20,81.23 2 0
github.com/zeroflucs-given/charybdis/mapping/by_example.go:81.23,83.5 1 0
github.com/zeroflucs-given/charybdis/mapping/by_example.go:85.4,91.6 2 0
github.com/zeroflucs-given/charybdis/mapping/by_example.go:95.3,96.21 2 0
github.com/zeroflucs-given/charybdis/mapping/by_example.go:96.21,98.4 1 0
github.com/zeroflucs-given/charybdis/mapping/by_example.go:102.2,102.20 1 0
github.com/zeroflucs-given/charybdis/mapping/options.go:14.79,21.16 3 0
github.com/zeroflucs-given/charybdis/mapping/options.go:21.16,22.13 1 0
github.com/zeroflucs-given/charybdis/mapping/options.go:25.2,25.44 1 0
github.com/zeroflucs-given/charybdis/mapping/options.go:30.104,31.203 1 0
github.com/zeroflucs-given/charybdis/mapping/options.go:31.203,37.97 2 0
github.com/zeroflucs-given/charybdis/mapping/options.go:37.97,38.39 1 0
github.com/zeroflucs-given/charybdis/mapping/options.go:38.39,39.23 1 0
github.com/zeroflucs-given/charybdis/mapping/options.go:39.23,44.7 1 0
github.com/zeroflucs-given/charybdis/mapping/options.go:47.5,48.15 2 0
github.com/zeroflucs-given/charybdis/mapping/options.go:50.94,51.39 1 0
github.com/zeroflucs-given/charybdis/mapping/options.go:51.39,52.23 1 0
github.com/zeroflucs-given/charybdis/mapping/options.go:52.23,57.7 1 0
github.com/zeroflucs-given/charybdis/mapping/options.go:60.5,61.15 2 0
github.com/zeroflucs-given/charybdis/mapping/options.go:65.3,65.13 1 0
github.com/zeroflucs-given/charybdis/mapping/options.go:65.13,67.4 1 0
github.com/zeroflucs-given/charybdis/mapping/options.go:69.3,69.26 1 0
github.com/zeroflucs-given/charybdis/mapping/types.go:9.59,10.29 1 0
github.com/zeroflucs-given/charybdis/mapping/types.go:10.29,12.3 1 0
github.com/zeroflucs-given/charybdis/mapping/types.go:13.2,13.11 1 0
github.com/zeroflucs-given/charybdis/mapping/types.go:14.21,15.24 1 0
github.com/zeroflucs-given/charybdis/mapping/types.go:16.23,17.21 1 0
github.com/zeroflucs-given/charybdis/mapping/types.go:18.21,19.21 1 0
github.com/zeroflucs-given/charybdis/mapping/types.go:20.22,21.23 1 0
github.com/zeroflucs-given/charybdis/mapping/types.go:22.20,23.20 1 0
github.com/zeroflucs-given/charybdis/mapping/types.go:24.22,25.20 1 0
github.com/zeroflucs-given/charybdis/mapping/types.go:26.24,27.22 1 0
github.com/zeroflucs-given/charybdis/mapping/types.go:28.24,29.23 1 0
github.com/zeroflucs-given/charybdis/mapping/types.go:30.21,31.26 1 0
github.com/zeroflucs-given/charybdis/mapping/types.go:32.26,33.21 1 0
github.com/zeroflucs-given/charybdis/mapping/types.go:35.2,35.55 1 0
github.com/zeroflucs-given/charybdis/projections/parameters.go:23.52,26.2 2 0
github.com/zeroflucs-given/charybdis/projections/parameters.go:38.84,39.36 1 0
github.com/zeroflucs-given/charybdis/projections/parameters.go:39.36,41.3 1 0
github.com/zeroflucs-given/charybdis/projections/parameters.go:45.60,47.52 1 0
github.com/zeroflucs-given/charybdis/projections/parameters.go:47.52,49.4 1 0
github.com/zeroflucs-given/charybdis/projections/parameters.go:54.79,56.52 1 0
github.com/zeroflucs-given/charybdis/projections/parameters.go:56.52,58.4 1 0
github.com/zeroflucs-given/charybdis/projections/parameters.go:63.82,65.52 1 0
github.com/zeroflucs-given/charybdis/projections/parameters.go:65.52,67.38 2 0
github.com/zeroflucs-given/charybdis/projections/parameters.go:67.38,69.5 1 0
github.com/zeroflucs-given/charybdis/projections/parameters.go:76.85,78.52 1 0
github.com/zeroflucs-given/charybdis/projections/parameters.go:78.52,80.4 1 0
github.com/zeroflucs-given/charybdis/projections/parameters.go:85.68,87.52 1 0
github.com/zeroflucs-given/charybdis/projections/parameters.go:87.52,89.4 1 0
github.com/zeroflucs-given/charybdis/projections/parameters.go:94.61,96.52 1 0
github.com/zeroflucs-given/charybdis/projections/parameters.go:96.52,98.4 1 0
github.com/zeroflucs-given/charybdis/projections/parameters.go:103.82,105.52 1 0
github.com/zeroflucs-given/charybdis/projections/parameters.go:105.52,107.4 1 0
github.com/zeroflucs-given/charybdis/projections/parameters.go:113.74,115.52 1 0
github.com/zeroflucs-given/charybdis/projections/parameters.go:115.52,117.4 1 0
github.com/zeroflucs-given/charybdis/projections/projection.go:17.88,19.16 2 0
github.com/zeroflucs-given/charybdis/projections/projection.go:19.16,21.3 1 0
github.com/zeroflucs-given/charybdis/projections/projection.go:23.2,24.29 2 0
github.com/zeroflucs-given/charybdis/projections/projection.go:28.76,30.2 1 0
github.com/zeroflucs-given/charybdis/projections/projection.go:33.83,35.2 1 0
github.com/zeroflucs-given/charybdis/projections/projection_manager.go:18.65,22.27 3 0
github.com/zeroflucs-given/charybdis/projections/projection_manager.go:22.27,24.3 1 0
github.com/zeroflucs-given/charybdis/projections/projection_manager.go:27.2,34.16 3 0
github.com/zeroflucs-given/charybdis/projections/projection_manager.go:34.16,36.3 1 0
github.com/zeroflucs-given/charybdis/projections/projection_manager.go:39.2,40.42 2 0
github.com/zeroflucs-given/charybdis/projections/projection_manager.go:40.42,42.17 2 0
github.com/zeroflucs-given/charybdis/projections/projection_manager.go:42.17,44.4 1 0
github.com/zeroflucs-given/charybdis/projections/projection_manager.go:45.3,45.19 1 0
github.com/zeroflucs-given/charybdis/projections/projection_manager.go:45.19,47.4 1 0
github.com/zeroflucs-given/charybdis/projections/projection_manager.go:51.2,53.51 1 0
github.com/zeroflucs-given/charybdis/projections/projection_manager.go:53.51,55.4 1 0
github.com/zeroflucs-given/charybdis/projections/projection_manager.go:67.90,71.97 3 0
github.com/zeroflucs-given/charybdis/projections/projection_manager.go:71.97,73.3 1 0
github.com/zeroflucs-given/charybdis/projections/projection_manager.go:75.2,75.13 1 0
github.com/zeroflucs-given/charybdis/projections/projection_manager.go:79.142,84.126 2 0
github.com/zeroflucs-given/charybdis/projections/projection_manager.go:84.126,89.48 2 0
github.com/zeroflucs-given/charybdis/projections/projection_manager.go:89.48,91.5 1 0
github.com/zeroflucs-given/charybdis/projections/projection_manager.go:92.4,92.14 1 0
github.com/zeroflucs-given/charybdis/projections/projection_manager.go:95.2,96.38 2 0
github.com/zeroflucs-given/charybdis/projections/projection_manager.go:96.38,98.3 1 0
github.com/zeroflucs-given/charybdis/projections/projection_manager.go:100.2,100.39 1 0
github.com/zeroflucs-given/charybdis/projections/projection_manager.go:100.39,102.10 2 0
github.com/zeroflucs-given/charybdis/projections/projection_manager.go:102.10,104.4 1 0
github.com/zeroflucs-given/charybdis/projections/projection_manager.go:105.3,110.32 3 0
github.com/zeroflucs-given/charybdis/projections/projection_manager.go:113.2,113.37 1 0
github.com/zeroflucs-given/charybdis/projections/projection_manager.go:113.37,115.10 2 0
github.com/zeroflucs-given/charybdis/projections/projection_manager.go:115.10,117.4 1 0
github.com/zeroflucs-given/charybdis/projections/projection_manager.go:118.3,124.32 3 0
github.com/zeroflucs-given/charybdis/projections/projection_manager.go:126.2,128.25 2 0
github.com/zeroflucs-given/charybdis/projections/projection_manager.go:128.25,130.3 1 0
github.com/zeroflucs-given/charybdis/projections/projection_manager.go:133.2,139.23 2 0
github.com/zeroflucs-given/charybdis/projections/projection_manager.go:139.23,141.3 1 0
github.com/zeroflucs-given/charybdis/projections/projection_manager.go:143.2,144.54 1 0
github.com/zeroflucs-given/charybdis/projections/projection_manager.go:144.54,146.4 1 0
github.com/zeroflucs-given/charybdis/projections/projection_manager.go:152.82,153.41 1 0
github.com/zeroflucs-given/charybdis/projections/projection_manager.go:153.41,155.3 1 0
github.com/zeroflucs-given/charybdis/projections/projection_manager.go:156.2,156.12 1 0
github.com/zeroflucs-given/charybdis/projections/projection_manager.go:160.89,162.16 2 0
github.com/zeroflucs-given/charybdis/projections/projection_manager.go:162.16,164.3 1 0
github.com/zeroflucs-given/charybdis/projections/projection_manager.go:168.2,169.16 2 0
github.com/zeroflucs-given/charybdis/projections/projection_manager.go:169.16,171.3 1 0
github.com/zeroflucs-given/charybdis/projections/projection_manager.go:174.2,175.34 2 0
github.com/zeroflucs-given/charybdis/projections/projection_manager.go:175.34,177.30 2 0
github.com/zeroflucs-given/charybdis/projections/projection_manager.go:177.30,179.4 1 0
github.com/zeroflucs-given/charybdis/projections/projection_manager.go:181.2,182.23 2 0
github.com/zeroflucs-given/charybdis/projections/projection_manager.go:182.23,184.3 1 0
github.com/zeroflucs-given/charybdis/projections/projection_manager.go:186.2,187.26 2 0
github.com/zeroflucs-given/charybdis/projections/projection_manager.go:187.26,189.3 1 0
github.com/zeroflucs-given/charybdis/projections/projection_manager.go:191.2,191.12 1 0
github.com/zeroflucs-given/charybdis/projections/projection_manager.go:195.94,197.16 2 0
github.com/zeroflucs-given/charybdis/projections/projection_manager.go:197.16,199.3 1 0
github.com/zeroflucs-given/charybdis/projections/projection_manager.go:203.2,204.16 2 0
github.com/zeroflucs-given/charybdis/projections/projection_manager.go:204.16,206.3 1 0
github.com/zeroflucs-given/charybdis/projections/projection_manager.go:209.2,210.34 2 0
github.com/zeroflucs-given/charybdis/projections/projection_manager.go:210.34,212.30 2 0
github.com/zeroflucs-given/charybdis/projections/projection_manager.go:212.30,214.4 1 0
github.com/zeroflucs-given/charybdis/projections/projection_manager.go:216.2,217.23 2 0
github.com/zeroflucs-given/charybdis/projections/projection_manager.go:217.23,219.3 1 0
github.com/zeroflucs-given/charybdis/projections/projection_manager.go:222.2,223.25 2 0
github.com/zeroflucs-given/charybdis/projections/projection_manager.go:223.25,225.3 1 0
github.com/zeroflucs-given/charybdis/projections/projection_manager.go:228.2,229.34 2 0
github.com/zeroflucs-given/charybdis/projections/projection_manager.go:229.34,231.23 2 0
github.com/zeroflucs-given/charybdis/projections/projection_manager.go:231.23,233.4 1 0
github.com/zeroflucs-given/charybdis/projections/projection_manager.go:236.2,236.19 1 0
github.com/zeroflucs-given/charybdis/projections/projection_spec.go:19.51,20.50 1 0
github.com/zeroflucs-given/charybdis/projections/projection_spec.go:20.50,22.3 1 0
github.com/zeroflucs-given/charybdis/projections/projection_spec.go:23.2,23.48 1 0
github.com/zeroflucs-given/charybdis/projections/projection_spec.go:23.48,25.3 1 0
github.com/zeroflucs-given/charybdis/projections/utils.go:14.93,15.21 1 0
github.com/zeroflucs-given/charybdis/projections/utils.go:15.21,17.3 1 0
github.com/zeroflucs-given/charybdis/projections/utils.go:19.2,27.16 4 0
github.com/zeroflucs-given/charybdis/projections/utils.go:27.16,29.3 1 0
github.com/zeroflucs-given/charybdis/projections/utils.go:30.2,31.22 2 0
github.com/zeroflucs-given/charybdis/projections/utils.go:31.22,33.3 1 0
github.com/zeroflucs-given/charybdis/projections/utils.go:35.2,37.45 2 0
github.com/zeroflucs-given/charybdis/projections/utils.go:37.45,39.10 2 0
github.com/zeroflucs-given/charybdis/projections/utils.go:39.10,41.4 1 0
github.com/zeroflucs-given/charybdis/projections/utils.go:42.3,42.33 1 0
github.com/zeroflucs-given/charybdis/projections/utils.go:45.2,45.43 1 0
github.com/zeroflucs-given/charybdis/projections/utils.go:45.43,47.10 2 0
github.com/zeroflucs-given/charybdis/projections/utils.go:47.10,49.4 1 0
github.com/zeroflucs-given/charybdis/projections/utils.go:50.3,50.33 1 0
github.com/zeroflucs-given/charybdis/projections/utils.go:53.2,53.21 1 0
github.com/zeroflucs-given/charybdis/metadata/column_specification.go:14.48,15.14 1 0
github.com/zeroflucs-given/charybdis/metadata/column_specification.go:15.14,17.3 1 0
github.com/zeroflucs-given/charybdis/metadata/column_specification.go:20.2,20.26 1 0
github.com/zeroflucs-given/charybdis/metadata/column_specification.go:20.26,22.3 1 0
github.com/zeroflucs-given/charybdis/metadata/column_specification.go:25.2,25.21 1 0
github.com/zeroflucs-given/charybdis/metadata/column_specification.go:25.21,27.3 1 0
github.com/zeroflucs-given/charybdis/metadata/column_specification.go:29.2,29.12 1 0
github.com/zeroflucs-given/charybdis/metadata/table_specification.go:22.45,23.49 1 0
github.com/zeroflucs-given/charybdis/metadata/table_specification.go:23.49,25.3 1 0
github.com/zeroflucs-given/charybdis/metadata/table_specification.go:26.2,26.47 1 0
github.com/zeroflucs-given/charybdis/metadata/table_specification.go:26.47,28.3 1 0
github.com/zeroflucs-given/charybdis/metadata/table_specification.go:32.77,33.14 1 0
github.com/zeroflucs-given/charybdis/metadata/table_specification.go:33.14,35.3 1 0
github.com/zeroflucs-given/charybdis/metadata/table_specification.go:37.2,42.32 3 0
github.com/zeroflucs-given/charybdis/metadata/table_specification.go:42.32,51.3 3 0
github.com/zeroflucs-given/charybdis/metadata/table_specification.go:52.2,52.36 1 0
github.com/zeroflucs-given/charybdis/metadata/table_specification.go:52.36,57.3 1 0
github.com/zeroflucs-given/charybdis/metadata/table_specification.go:58.2,58.34 1 0
github.com/zeroflucs-given/charybdis/metadata/table_specification.go:58.34,64.3 1 0
github.com/zeroflucs-given/charybdis/metadata/table_specification.go:66.2,66.20 1 0
github.com/zeroflucs-given/charybdis/metadata/table_specification.go:66.20,68.31 2 0
github.com/zeroflucs-given/charybdis/metadata/table_specification.go:68.31,70.4 1 0
github.com/zeroflucs-given/charybdis/metadata/table_specification.go:73.2,73.13 1 0
github.com/zeroflucs-given/charybdis/metadata/table_specification.go:77.52,78.14 1 0
github.com/zeroflucs-given/charybdis/metadata/table_specification.go:78.14,80.3 1 0
github.com/zeroflucs-given/charybdis/metadata/table_specification.go:82.2,84.79 1 0
github.com/zeroflucs-given/charybdis/metadata/table_specification.go:84.79,86.4 1 0
github.com/zeroflucs-given/charybdis/metadata/table_specification.go:87.83,89.4 1 0
github.com/zeroflucs-given/charybdis/metadata/table_specification.go:90.79,92.4 1 0
github.com/zeroflucs-given/charybdis/metadata/table_specification.go:95.2,95.22 1 0
github.com/zeroflucs-given/charybdis/metadata/table_specification.go:99.47,100.14 1 0
github.com/zeroflucs-given/charybdis/metadata/table_specification.go:100.14,102.3 1 0
github.com/zeroflucs-given/charybdis/metadata/table_specification.go:105.2,105.26 1 0
github.com/zeroflucs-given/charybdis/metadata/table_specification.go:105.26,107.3 1 0
github.com/zeroflucs-given/charybdis/metadata/table_specification.go:110.2,110.32 1 0
github.com/zeroflucs-given/charybdis/metadata/table_specification.go:110.32,112.17 2 0
github.com/zeroflucs-given/charybdis/metadata/table_specification.go:112.17,114.4 1 0
github.com/zeroflucs-given/charybdis/metadata/table_specification.go:117.3,117.51 1 0
github.com/zeroflucs-given/charybdis/metadata/table_specification.go:117.51,119.4 1 0
github.com/zeroflucs-given/charybdis/metadata/table_specification.go:123.2,123.30 1 0
github.com/zeroflucs-given/charybdis/metadata/table_specification.go:123.30,125.3 1 0
github.com/zeroflucs-given/charybdis/metadata/table_specification.go:128.2,128.36 1 0
github.com/zeroflucs-given/charybdis/metadata/table_specification.go:128.36,130.33 2 0
github.com/zeroflucs-given/charybdis/metadata/table_specification.go:130.33,131.24 1 0
github.com/zeroflucs-given/charybdis/metadata/table_specification.go:131.24,133.31 2 0
github.com/zeroflucs-given/charybdis/metadata/table_specification.go:133.31,135.6 1 0
github.com/zeroflucs-given/charybdis/metadata/table_specification.go:138.3,138.13 1 0
github.com/zeroflucs-given/charybdis/metadata/table_specification.go:138.13,140.4 1 0
github.com/zeroflucs-given/charybdis/metadata/table_specification.go:144.2,144.34 1 0
github.com/zeroflucs-given/charybdis/metadata/table_specification.go:144.34,146.33 2 0
github.com/zeroflucs-given/charybdis/metadata/table_specification.go:146.33,147.24 1 0
github.com/zeroflucs-given/charybdis/metadata/table_specification.go:147.24,149.29 2 0
github.com/zeroflucs-given/charybdis/metadata/table_specification.go:149.29,151.6 1 0
github.com/zeroflucs-given/charybdis/metadata/table_specification.go:154.3,154.13 1 0
github.com/zeroflucs-given/charybdis/metadata/table_specification.go:154.13,156.4 1 0
github.com/zeroflucs-given/charybdis/metadata/table_specification.go:161.2,161.34 1 0
github.com/zeroflucs-given/charybdis/metadata/table_specification.go:161.34,163.33 2 0
github.com/zeroflucs-given/charybdis/metadata/table_specification.go:163.33,164.20 1 0
github.com/zeroflucs-given/charybdis/metadata/table_specification.go:164.20,166.5 1 0
github.com/zeroflucs-given/charybdis/metadata/table_specification.go:168.3,168.13 1 0
github.com/zeroflucs-given/charybdis/metadata/table_specification.go:168.13,170.4 1 0
github.com/zeroflucs-given/charybdis/metadata/table_specification.go:173.2,173.12 1 0
github.com/zeroflucs-given/charybdis/metadata/utils.go:5.33,8.2 2 0
github.com/zeroflucs-given/charybdis/metadata/version.go:21.82,26.16 4 0
github.com/zeroflucs-given/charybdis/metadata/version.go:26.16,28.3 1 0
github.com/zeroflucs-given/charybdis/metadata/version.go:30.2,30.35 1 0
github.com/zeroflucs-given/charybdis/metadata/version.go:36.43,41.48 3 0
github.com/zeroflucs-given/charybdis/metadata/version.go:41.48,45.18 3 0
github.com/zeroflucs-given/charybdis/metadata/version.go:45.18,47.4 1 0
github.com/zeroflucs-given/charybdis/metadata/version.go:49.3,50.15 2 0
github.com/zeroflucs-given/charybdis/metadata/version.go:50.15,52.4 1 0
github.com/zeroflucs-given/charybdis/metadata/version.go:54.3,54.17 1 0
github.com/zeroflucs-given/charybdis/metadata/version.go:54.17,56.4 1 0
github.com/zeroflucs-given/charybdis/metadata/version.go:58.3,58.19 1 0
github.com/zeroflucs-given/charybdis/metadata/version.go:61.2,62.20 2 0
github.com/zeroflucs-given/charybdis/metadata/version.go:63.9,65.14 2 0
github.com/zeroflucs-given/charybdis/metadata/version.go:65.14,67.4 1 0
github.com/zeroflucs-given/charybdis/metadata/version.go:68.3,68.14 1 0
github.com/zeroflucs-given/charybdis/metadata/version.go:69.9,71.14 2 0
github.com/zeroflucs-given/charybdis/metadata/version.go:71.14,73.4 1 0
github.com/zeroflucs-given/charybdis/metadata/version.go:74.3,74.14 1 0
github.com/zeroflucs-given/charybdis/metadata/version.go:75.9,77.14 2 0
github.com/zeroflucs-given/charybdis/metadata/version.go:77.14,79.4 1 0
github.com/zeroflucs-given/charybdis/metadata/version.go:82.2,82.10 1 0
github.com/zeroflucs-given/charybdis/metadata/view_specification.go:20.46,21.32 1 0
github.com/zeroflucs-given/charybdis/metadata/view_specification.go:21.32,23.3 1 0
github.com/zeroflucs-given/charybdis/metadata/view_specification.go:26.2,26.26 1 0
github.com/zeroflucs-given/charybdis/metadata/view_specification.go:26.26,28.3 1 0
github.com/zeroflucs-given/charybdis/metadata/view_specification.go:31.2,31.43 1 0
github.com/zeroflucs-given/charybdis/metadata/view_specification.go:31.43,33.3 1 0
github.com/zeroflucs-given/charybdis/metadata/view_specification.go:36.2,37.80 1 0
github.com/zeroflucs-given/charybdis/metadata/view_specification.go:37.80,39.4 1 0
github.com/zeroflucs-given/charybdis/metadata/view_specification.go:40.76,42.4 1 0
github.com/zeroflucs-given/charybdis/metadata/view_specification.go:44.2,45.74 1 0
github.com/zeroflucs-given/charybdis/metadata/view_specification.go:45.74,47.4 1 0
github.com/zeroflucs-given/charybdis/metadata/view_specification.go:48.70,50.4 1 0
github.com/zeroflucs-given/charybdis/metadata/view_specification.go:52.2,52.36 1 0
github.com/zeroflucs-given/charybdis/metadata/view_specification.go:52.36,54.3 1 0
github.com/zeroflucs-given/charybdis/metadata/view_specification.go:56.2,57.26 2 0
github.com/zeroflucs-given/charybdis/metadata/view_specification.go:57.26,59.3 1 0
github.com/zeroflucs-given/charybdis/metadata/view_specification.go:61.2,61.12 1 0
github.com/zeroflucs-given/charybdis/metadata/view_specification.go:65.51,66.14 1 0
github.com/zeroflucs-given/charybdis/metadata/view_specification.go:66.14,68.3 1 0
github.com/zeroflucs-given/charybdis/metadata/view_specification.go:72.2,73.36 2 0
github.com/zeroflucs-given/charybdis/metadata/view_specification.go:73.36,75.3 1 0
github.com/zeroflucs-given/charybdis/metadata/view_specification.go:77.2,78.35 2 0
github.com/zeroflucs-given/charybdis/metadata/view_specification.go:78.35,80.3 1 0
github.com/zeroflucs-given/charybdis/metadata/view_specification.go:81.2,81.33 1 0
github.com/zeroflucs-given/charybdis/metadata/view_specification.go:81.33,83.3 1 0
github.com/zeroflucs-given/charybdis/metadata/view_specification.go:84.2,84.36 1 0
github.com/zeroflucs-given/charybdis/metadata/view_specification.go:84.36,87.32 2 0
github.com/zeroflucs-given/charybdis/metadata/view_specification.go:87.32,88.14 1 0
github.com/zeroflucs-given/charybdis/metadata/view_specification.go:88.14,90.10 2 0
github.com/zeroflucs-given/charybdis/metadata/view_specification.go:93.3,93.13 1 0
github.com/zeroflucs-given/charybdis/metadata/view_specification.go:93.13,95.4 1 0
github.com/zeroflucs-given/charybdis/metadata/view_specification.go:98.2,100.80 1 0
github.com/zeroflucs-given/charybdis/metadata/view_specification.go:100.80,103.4 1 0
github.com/zeroflucs-given/charybdis/metadata/view_specification.go:104.83,106.4 1 0
github.com/zeroflucs-given/charybdis/metadata/view_specification.go:107.79,109.4 1 0
github.com/zeroflucs-given/charybdis/metadata/view_specification.go:112.2,112.22 1 0
github.com/zeroflucs-given/charybdis/examples/projections/main.go:25.13,29.41 3 0
github.com/zeroflucs-given/charybdis/examples/projections/main.go:29.41,33.3 3 0
github.com/zeroflucs-given/charybdis/examples/projections/main.go:35.2,46.16 3 0
github.com/zeroflucs-given/charybdis/examples/projections/main.go:46.16,47.13 1 0
github.com/zeroflucs-given/charybdis/examples/projections/main.go:53.2,74.16 3 0
github.com/zeroflucs-given/charybdis/examples/projections/main.go:74.16,75.13 1 0
github.com/zeroflucs-given/charybdis/examples/projections/main.go:77.2,89.21 5 0
github.com/zeroflucs-given/charybdis/examples/projections/main.go:89.21,90.18 1 0
github.com/zeroflucs-given/charybdis/examples/projections/main.go:94.2,96.16 3 0
github.com/zeroflucs-given/charybdis/examples/projections/main.go:96.16,97.13 1 0
github.com/zeroflucs-given/charybdis/examples/projections/main.go:100.2,100.69 1 0
github.com/zeroflucs-given/charybdis/examples/simple/main.go:25.13,31.41 4 0
github.com/zeroflucs-given/charybdis/examples/simple/main.go:31.41,33.3 1 0
github.com/zeroflucs-given/charybdis/examples/simple/main.go:34.2,45.16 3 0
github.com/zeroflucs-given/charybdis/examples/simple/main.go:45.16,46.13 1 0
github.com/zeroflucs-given/charybdis/examples/simple/main.go:50.2,51.129 2 0
github.com/zeroflucs-given/charybdis/examples/simple/main.go:51.129,55.31 2 0
github.com/zeroflucs-given/charybdis/examples/simple/main.go:55.31,57.24 2 0
github.com/zeroflucs-given/charybdis/examples/simple/main.go:57.24,59.5 1 0
github.com/zeroflucs-given/charybdis/examples/simple/main.go:61.3,61.19 1 0
github.com/zeroflucs-given/charybdis/examples/simple/main.go:63.2,63.20 1 0
github.com/zeroflucs-given/charybdis/examples/simple/main.go:63.20,64.17 1 0
github.com/zeroflucs-given/charybdis/examples/simple/main.go:68.2,69.45 2 0
github.com/zeroflucs-given/charybdis/examples/simple/main.go:69.45,70.17 1 0
github.com/zeroflucs-given/charybdis/examples/simple/main.go:70.17,72.4 1 0
github.com/zeroflucs-given/charybdis/examples/simple/main.go:73.3,78.23 2 0
github.com/zeroflucs-given/charybdis/examples/simple/main.go:78.23,79.20 1 0
github.com/zeroflucs-given/charybdis/examples/simple/main.go:85.2,90.54 3 0
github.com/zeroflucs-given/charybdis/examples/simple/main.go:90.54,91.35 1 0
github.com/zeroflucs-given/charybdis/examples/simple/main.go:95.2,97.33 3 0
github.com/zeroflucs-given/charybdis/examples/simple/main.go:97.33,98.13 1 0
github.com/zeroflucs-given/charybdis/examples/views/main.go:22.13,26.41 3 0
github.com/zeroflucs-given/charybdis/examples/views/main.go:26.41,28.3 1 0
github.com/zeroflucs-given/charybdis/examples/views/main.go:29.2,40.39 3 0
github.com/zeroflucs-given/charybdis/examples/views/main.go:40.39,41.13 1 0
github.com/zeroflucs-given/charybdis/examples/views/main.go:45.2,58.38 2 0
github.com/zeroflucs-given/charybdis/examples/views/main.go:58.38,59.13 1 0
github.com/zeroflucs-given/charybdis/examples/writecontention/main.go:37.13,52.34 10 0
github.com/zeroflucs-given/charybdis/examples/writecontention/main.go:52.34,54.17 1 0
github.com/zeroflucs-given/charybdis/examples/writecontention/main.go:54.17,57.5 2 0
github.com/zeroflucs-given/charybdis/examples/writecontention/main.go:61.2,62.16 2 0
github.com/zeroflucs-given/charybdis/examples/writecontention/main.go:62.16,63.13 1 0
github.com/zeroflucs-given/charybdis/examples/writecontention/main.go:65.2,65.18 1 0
github.com/zeroflucs-given/charybdis/examples/writecontention/main.go:69.51,71.22 2 0
github.com/zeroflucs-given/charybdis/examples/writecontention/main.go:71.22,73.3 1 0
github.com/zeroflucs-given/charybdis/examples/writecontention/main.go:74.2,74.12 1 0
github.com/zeroflucs-given/charybdis/examples/writecontention/main.go:77.27,81.2 3 0
github.com/zeroflucs-given/charybdis/examples/writecontention/main.go:83.65,85.2 1 0
github.com/zeroflucs-given/charybdis/examples/writecontention/main.go:87.62,90.41 2 0
github.com/zeroflucs-given/charybdis/examples/writecontention/main.go:90.41,93.3 2 0
github.com/zeroflucs-given/charybdis/examples/writecontention/main.go:95.2,104.16 2 0
github.com/zeroflucs-given/charybdis/examples/writecontention/main.go:104.16,105.13 1 0
github.com/zeroflucs-given/charybdis/examples/writecontention/main.go:108.2,108.16 1 0
github.com/zeroflucs-given/charybdis/examples/writecontention/main.go:111.83,116.20 4 0
github.com/zeroflucs-given/charybdis/examples/writecontention/main.go:116.20,118.3 1 0
github.com/zeroflucs-given/charybdis/examples/writecontention/main.go:120.2,123.22 3 0
github.com/zeroflucs-given/charybdis/examples/writecontention/main.go:123.22,126.3 2 0
github.com/zeroflucs-given/charybdis/examples/writecontention/main.go:128.2,128.12 1 0
github.com/zeroflucs-given/charybdis/examples/writecontention/main.go:131.57,135.34 3 0
github.com/zeroflucs-given/charybdis/examples/writecontention/main.go:135.34,136.22 1 0
github.com/zeroflucs-given/charybdis/examples/writecontention/main.go:136.22,138.4 1 0
github.com/zeroflucs-given/charybdis/examples/writecontention/main.go:139.3,144.23 2 0
github.com/zeroflucs-given/charybdis/examples/writecontention/main.go:144.23,145.20 1 0
github.com/zeroflucs-given/charybdis/examples/writecontention/main.go:150.53,154.129 3 0
github.com/zeroflucs-given/charybdis/examples/writecontention/main.go:154.129,158.31 2 0
github.com/zeroflucs-given/charybdis/examples/writecontention/main.go:158.31,160.24 2 0
github.com/zeroflucs-given/charybdis/examples/writecontention/main.go:160.24,162.5 1 0
github.com/zeroflucs-given/charybdis/examples/writecontention/main.go:164.3,164.19 1 0
github.com/zeroflucs-given/charybdis/examples/writecontention/main.go:166.2,166.20 1 0
github.com/zeroflucs-given/charybdis/examples/writecontention/main.go:166.20,167.17 1 0
github.com/zeroflucs-given/charybdis/generator/keyspace.go:29.68,34.26 2 0
github.com/zeroflucs-given/charybdis/generator/keyspace.go:34.26,36.3 1 0
github.com/zeroflucs-given/charybdis/generator/keyspace.go:37.2,37.17 1 0
github.com/zeroflucs-given/charybdis/generator/keyspace.go:37.17,38.140 1 0
github.com/zeroflucs-given/charybdis/generator/keyspace.go:38.140,40.4 1 0
github.com/zeroflucs-given/charybdis/generator/keyspace.go:41.3,41.37 1 0
github.com/zeroflucs-given/charybdis/generator/keyspace.go:43.2,43.10 1 0
github.com/zeroflucs-given/charybdis/generator/keyspace.go:46.56,47.35 1 0
github.com/zeroflucs-given/charybdis/generator/keyspace.go:47.35,54.3 6 0
github.com/zeroflucs-given/charybdis/generator/keyspace.go:57.47,58.34 1 0
github.com/zeroflucs-given/charybdis/generator/keyspace.go:58.34,60.3 1 0
github.com/zeroflucs-given/charybdis/generator/keyspace.go:63.56,64.34 1 0
github.com/zeroflucs-given/charybdis/generator/keyspace.go:64.34,66.3 1 0
github.com/zeroflucs-given/charybdis/generator/keyspace.go:69.78,70.34 1 0
github.com/zeroflucs-given/charybdis/generator/keyspace.go:70.34,73.3 2 0
github.com/zeroflucs-given/charybdis/generator/keyspace.go:76.57,77.34 1 0
github.com/zeroflucs-given/charybdis/generator/keyspace.go:77.34,80.3 2 0
github.com/zeroflucs-given/charybdis/generator/keyspace.go:83.53,84.34 1 0
github.com/zeroflucs-given/charybdis/generator/keyspace.go:84.34,86.3 1 0
github.com/zeroflucs-given/charybdis/generator/keyspace.go:89.113,95.20 4 0
github.com/zeroflucs-given/charybdis/generator/keyspace.go:95.20,97.3 1 0
github.com/zeroflucs-given/charybdis/generator/keyspace.go:99.2,99.38 1 0
github.com/zeroflucs-given/charybdis/generator/keyspace.go:99.38,101.3 1 0
github.com/zeroflucs-given/charybdis/generator/keyspace.go:101.8,103.3 1 0
github.com/zeroflucs-given/charybdis/generator/keyspace.go:105.2,106.16 2 0
github.com/zeroflucs-given/charybdis/generator/keyspace.go:106.16,108.3 1 0
github.com/zeroflucs-given/charybdis/generator/keyspace.go:110.2,110.24 1 0
github.com/zeroflucs-given/charybdis/generator/keyspace.go:110.24,112.3 1 0
github.com/zeroflucs-given/charybdis/generator/keyspace.go:114.2,115.19 2 0
github.com/zeroflucs-given/charybdis/generator/keyspace.go:115.19,117.3 1 0
github.com/zeroflucs-given/charybdis/generator/keyspace.go:119.2,121.24 2 0
github.com/zeroflucs-given/charybdis/generator/keyspace.go:121.24,123.3 1 0
github.com/zeroflucs-given/charybdis/generator/keyspace.go:125.2,125.28 1 0
github.com/zeroflucs-given/charybdis/generator/options.go:20.115,21.16 1 0
github.com/zeroflucs-given/charybdis/generator/options.go:21.16,23.3 1 0
github.com/zeroflucs-given/charybdis/generator/options.go:25.2,25.183 1 0
github.com/zeroflucs-given/charybdis/generator/options.go:25.183,26.18 1 0
github.com/zeroflucs-given/charybdis/generator/options.go:26.18,28.4 1 0
github.com/zeroflucs-given/charybdis/generator/options.go:30.3,33.17 3 0
github.com/zeroflucs-given/charybdis/generator/options.go:33.17,35.4 1 0
github.com/zeroflucs-given/charybdis/generator/options.go:36.3,38.74 2 0
github.com/zeroflucs-given/charybdis/generator/options.go:44.181,48.17 3 0
github.com/zeroflucs-given/charybdis/generator/options.go:48.17,50.3 1 0
github.com/zeroflucs-given/charybdis/generator/options.go:53.2,54.19 2 0
github.com/zeroflucs-given/charybdis/generator/options.go:54.19,56.3 1 0
github.com/zeroflucs-given/charybdis/generator/options.go:58.2,59.16 2 0
github.com/zeroflucs-given/charybdis/generator/options.go:59.16,61.3 1 0
github.com/zeroflucs-given/charybdis/generator/options.go:63.2,65.50 2 0
github.com/zeroflucs-given/charybdis/generator/options.go:70.112,71.16 1 0
github.com/zeroflucs-given/charybdis/generator/options.go:71.16,73.3 1 0
github.com/zeroflucs-given/charybdis/generator/options.go:75.2,75.184 1 0
github.com/zeroflucs-given/charybdis/generator/options.go:75.184,76.18 1 0
github.com/zeroflucs-given/charybdis/generator/options.go:76.18,78.4 1 0
github.com/zeroflucs-given/charybdis/generator/options.go:80.3,81.17 2 0
github.com/zeroflucs-given/charybdis/generator/options.go:81.17,83.4 1 0
github.com/zeroflucs-given/charybdis/generator/options.go:84.3,86.60 2 0
github.com/zeroflucs-given/charybdis/generator/options.go:92.144,96.17 3 0
github.com/zeroflucs-given/charybdis/generator/options.go:96.17,98.3 1 0
github.com/zeroflucs-given/charybdis/generator/options.go:101.2,102.19 2 0
github.com/zeroflucs-given/charybdis/generator/options.go:102.19,104.3 1 0
github.com/zeroflucs-given/charybdis/generator/options.go:106.2,107.16 2 0
github.com/zeroflucs-given/charybdis/generator/options.go:107.16,109.3 1 0
github.com/zeroflucs-given/charybdis/generator/options.go:111.2,111.50 1 0
github.com/zeroflucs-given/charybdis/generator/options.go:115.134,116.16 1 0
github.com/zeroflucs-given/charybdis/generator/options.go:116.16,118.3 1 0
github.com/zeroflucs-given/charybdis/generator/options.go:120.2,122.184 2 0
github.com/zeroflucs-given/charybdis/generator/options.go:122.184,124.17 2 0
github.com/zeroflucs-given/charybdis/generator/options.go:124.17,126.4 1 0
github.com/zeroflucs-given/charybdis/generator/options.go:127.3,130.25 3 0
github.com/zeroflucs-given/charybdis/generator/options.go:130.25,132.4 1 0
github.com/zeroflucs-given/charybdis/generator/options.go:133.3,133.30 1 0
github.com/zeroflucs-given/charybdis/generator/options.go:133.30,135.4 1 0
github.com/zeroflucs-given/charybdis/generator/options.go:137.3,138.17 2 0
github.com/zeroflucs-given/charybdis/generator/options.go:138.17,140.4 1 0
github.com/zeroflucs-given/charybdis/generator/options.go:142.3,142.13 1 0
github.com/zeroflucs-given/charybdis/generator/options.go:148.136,150.2 1 0
github.com/zeroflucs-given/charybdis/generator/options.go:153.156,155.2 1 0
github.com/zeroflucs-given/charybdis/generator/options.go:159.148,161.2 1 0
github.com/zeroflucs-given/charybdis/generator/options.go:163.121,165.39 1 0
github.com/zeroflucs-given/charybdis/generator/options.go:165.39,172.20 3 0
github.com/zeroflucs-given/charybdis/generator/options.go:172.20,175.50 2 0
github.com/zeroflucs-given/charybdis/generator/options.go:175.50,176.41 1 0
github.com/zeroflucs-given/charybdis/generator/options.go:176.41,177.20 1 0
github.com/zeroflucs-given/charybdis/generator/options.go:181.4,181.72 1 0
github.com/zeroflucs-given/charybdis/generator/options.go:185.2,185.12 1 0
github.com/zeroflucs-given/charybdis/generator/options.go:194.108,197.54 2 0
github.com/zeroflucs-given/charybdis/generator/options.go:197.54,199.3 1 0
github.com/zeroflucs-given/charybdis/generator/options.go:199.8,199.26 1 0
github.com/zeroflucs-given/charybdis/generator/options.go:199.26,201.3 1 0
github.com/zeroflucs-given/charybdis/generator/options.go:202.2,203.36 2 0
github.com/zeroflucs-given/charybdis/generator/options.go:203.36,205.3 1 0
github.com/zeroflucs-given/charybdis/generator/options.go:207.2,208.37 2 0
github.com/zeroflucs-given/charybdis/generator/options.go:208.37,209.50 1 0
github.com/zeroflucs-given/charybdis/generator/options.go:209.50,210.32 1 0
github.com/zeroflucs-given/charybdis/generator/options.go:210.32,212.5 1 0
github.com/zeroflucs-given/charybdis/generator/options.go:216.2,219.8 1 0
github.com/zeroflucs-given/charybdis/generator/options.go:223.111,225.54 2 0
github.com/zeroflucs-given/charybdis/generator/options.go:225.54,227.3 1 0
github.com/zeroflucs-given/charybdis/generator/options.go:227.8,227.26 1 0
github.com/zeroflucs-given/charybdis/generator/options.go:227.26,229.3 1 0
github.com/zeroflucs-given/charybdis/generator/options.go:230.2,230.21 1 0
github.com/zeroflucs-given/charybdis/generator/options.go:230.21,232.3 1 0
github.com/zeroflucs-given/charybdis/generator/options.go:233.2,233.17 1 0
github.com/zeroflucs-given/charybdis/generator/options.go:237.102,239.54 2 0
github.com/zeroflucs-given/charybdis/generator/options.go:239.54,241.3 1 0
github.com/zeroflucs-given/charybdis/generator/options.go:241.8,241.26 1 0
github.com/zeroflucs-given/charybdis/generator/options.go:241.26,243.3 1 0
github.com/zeroflucs-given/charybdis/generator/options.go:244.2,244.16 1 0
github.com/zeroflucs-given/charybdis/generator/table_spec.go:15.156,17.35 1 1
github.com/zeroflucs-given/charybdis/generator/table_spec.go:17.35,19.3 1 1
github.com/zeroflucs-given/charybdis/generator/table_spec.go:21.2,22.20 2 1
github.com/zeroflucs-given/charybdis/generator/table_spec.go:22.20,24.3 1 0
github.com/zeroflucs-given/charybdis/generator/table_spec.go:26.2,29.62 3 1
github.com/zeroflucs-given/charybdis/generator/table_spec.go:29.62,31.3 1 0
github.com/zeroflucs-given/charybdis/generator/table_spec.go:33.2,33.26 1 1
github.com/zeroflucs-given/charybdis/generator/table_spec.go:33.26,38.110 1 1
github.com/zeroflucs-given/charybdis/generator/table_spec.go:38.110,40.5 1 1
github.com/zeroflucs-given/charybdis/generator/table_spec.go:40.60,42.5 1 1
github.com/zeroflucs-given/charybdis/generator/table_spec.go:45.3,48.5 1 1
github.com/zeroflucs-given/charybdis/generator/table_spec.go:52.2,52.92 1 1
github.com/zeroflucs-given/charybdis/generator/table_spec.go:52.92,54.3 1 1
github.com/zeroflucs-given/charybdis/generator/table_spec.go:55.2,55.32 1 1
github.com/zeroflucs-given/charybdis/generator/table_spec.go:55.32,56.59 1 1
github.com/zeroflucs-given/charybdis/generator/table_spec.go:56.59,57.55 1 0
github.com/zeroflucs-given/charybdis/generator/table_spec.go:57.55,58.13 1 0
github.com/zeroflucs-given/charybdis/generator/table_spec.go:61.3,70.5 2 1
github.com/zeroflucs-given/charybdis/generator/table_spec.go:74.2,78.64 4 1
github.com/zeroflucs-given/charybdis/generator/table_spec.go:78.64,80.3 1 0
github.com/zeroflucs-given/charybdis/generator/table_spec.go:82.2,82.27 1 1
github.com/zeroflucs-given/charybdis/generator/table_spec.go:82.27,83.29 1 0
github.com/zeroflucs-given/charybdis/generator/table_spec.go:83.29,84.41 1 0
github.com/zeroflucs-given/charybdis/generator/table_spec.go:84.41,85.13 1 0
github.com/zeroflucs-given/charybdis/generator/table_spec.go:88.3,97.5 3 0
github.com/zeroflucs-given/charybdis/generator/table_spec.go:101.2,101.22 1 1
github.com/zeroflucs-given/charybdis/generator/table_spec.go:106.115,108.37 2 1
github.com/zeroflucs-given/charybdis/generator/table_spec.go:108.37,110.3 1 1
github.com/zeroflucs-given/charybdis/generator/table_spec.go:112.2,113.38 2 1
github.com/zeroflucs-given/charybdis/generator/table_spec.go:113.38,115.3 1 1
github.com/zeroflucs-given/charybdis/generator/table_spec.go:117.2,117.18 1 1
github.com/zeroflucs-given/charybdis/generator/table_spec.go:121.78,123.38 2 1
github.com/zeroflucs-given/charybdis/generator/table_spec.go:123.38,124.22 1 1
github.com/zeroflucs-given/charybdis/generator/table_spec.go:124.22,126.4 1 1
github.com/zeroflucs-given/charybdis/generator/table_spec.go:126.9,128.4 1 0
github.com/zeroflucs-given/charybdis/generator/table_spec.go:130.2,130.27 1 1
github.com/zeroflucs-given/charybdis/generator/table_spec.go:130.27,132.3 1 1
github.com/zeroflucs-given/charybdis/generator/table_spec.go:134.2,134.78 1 1
github.com/zeroflucs-given/charybdis/generator/view_spec.go:14.151,16.35 1 0
github.com/zeroflucs-given/charybdis/generator/view_spec.go:16.35,18.3 1 0
github.com/zeroflucs-given/charybdis/generator/view_spec.go:20.2,21.20 2 0
github.com/zeroflucs-given/charybdis/generator/view_spec.go:21.20,23.3 1 0
github.com/zeroflucs-given/charybdis/generator/view_spec.go:25.2,27.110 1 0
github.com/zeroflucs-given/charybdis/generator/view_spec.go:27.110,29.5 1 0
github.com/zeroflucs-given/charybdis/generator/view_spec.go:30.106,32.5 1 0
github.com/zeroflucs-given/charybdis/generator/view_spec.go:33.58,35.4 1 0
github.com/zeroflucs-given/charybdis/generator/view_spec.go:37.2,39.21 2 0
github.com/zeroflucs-given/charybdis/generator/view_spec.go:39.21,56.3 2 0
github.com/zeroflucs-given/charybdis/generator/view_spec.go:58.2,58.22 1 0
github.com/zeroflucs-given/charybdis/mapping/by_example.go:15.106,17.14 2 0
github.com/zeroflucs-given/charybdis/mapping/by_example.go:17.14,19.3 1 0
github.com/zeroflucs-given/charybdis/mapping/by_example.go:21.2,28.46 3 0
github.com/zeroflucs-given/charybdis/mapping/by_example.go:28.46,33.19 3 0
github.com/zeroflucs-given/charybdis/mapping/by_example.go:33.19,34.12 1 0
github.com/zeroflucs-given/charybdis/mapping/by_example.go:36.3,37.23 2 0
github.com/zeroflucs-given/charybdis/mapping/by_example.go:37.23,38.12 1 0
github.com/zeroflucs-given/charybdis/mapping/by_example.go:42.3,44.25 3 0
github.com/zeroflucs-given/charybdis/mapping/by_example.go:44.25,46.4 1 0
github.com/zeroflucs-given/charybdis/mapping/by_example.go:46.9,48.24 2 0
github.com/zeroflucs-given/charybdis/mapping/by_example.go:48.24,50.5 1 0
github.com/zeroflucs-given/charybdis/mapping/by_example.go:51.4,51.31 1 0
github.com/zeroflucs-given/charybdis/mapping/by_example.go:55.3,63.25 4 0
github.com/zeroflucs-given/charybdis/mapping/by_example.go:63.25,65.23 2 0
github.com/zeroflucs-given/charybdis/mapping/by_example.go:65.23,67.5 1 0
github.com/zeroflucs-given/charybdis/mapping/by_example.go:69.4,74.6 2 0
github.com/zeroflucs-given/charybdis/mapping/by_example.go:78.3,79.20 2 0
github.com/zeroflucs-given/charybdis/mapping/by_example.go:79.20,81.23 2 0
github.com/zeroflucs-given/charybdis/mapping/by_example.go:81.23,83.5 1 0
github.com/zeroflucs-given/charybdis/mapping/by_example.go:85.4,91.6 2 0
github.com/zeroflucs-given/charybdis/mapping/by_example.go:95.3,96.21 2 0
github.com/zeroflucs-given/charybdis/mapping/by_example.go:96.21,98.4 1 0
github.com/zeroflucs-given/charybdis/mapping/by_example.go:102.2,102.20 1 0
github.com/zeroflucs-given/charybdis/mapping/options.go:14.79,21.16 3 0
github.com/zeroflucs-given/charybdis/mapping/options.go:21.16,22.13 1 0
github.com/zeroflucs-given/charybdis/mapping/options.go:25.2,25.44 1 0
github.com/zeroflucs-given/charybdis/mapping/options.go:30.104,31.203 1 0
github.com/zeroflucs-given/charybdis/mapping/options.go:31.203,37.97 2 0
github.com/zeroflucs-given/charybdis/mapping/options.go:37.97,38.39 1 0
github.com/zeroflucs-given/charybdis/mapping/options.go:38.39,39.23 1 0
github.com/zeroflucs-given/charybdis/mapping/options.go:39.23,44.7 1 0
github.com/zeroflucs-given/charybdis/mapping/options.go:47.5,48.15 2 0
github.com/zeroflucs-given/charybdis/mapping/options.go:50.94,51.39 1 0
github.com/zeroflucs-given/charybdis/mapping/options.go:51.39,52.23 1 0
github.com/zeroflucs-given/charybdis/mapping/options.go:52.23,57.7 1 0
github.com/zeroflucs-given/charybdis/mapping/options.go:60.5,61.15 2 0
github.com/zeroflucs-given/charybdis/mapping/options.go:65.3,65.13 1 0
github.com/zeroflucs-given/charybdis/mapping/options.go:65.13,67.4 1 0
github.com/zeroflucs-given/charybdis/mapping/options.go:69.3,69.26 1 0
github.com/zeroflucs-given/charybdis/mapping/types.go:9.59,10.29 1 0
github.com/zeroflucs-given/charybdis/mapping/types.go:10.29,12.3 1 0
github.com/zeroflucs-given/charybdis/mapping/types.go:13.2,13.11 1 0
github.com/zeroflucs-given/charybdis/mapping/types.go:14.21,15.24 1 0
github.com/zeroflucs-given/charybdis/mapping/types.go:16.23,17.21 1 0
github.com/zeroflucs-given/charybdis/mapping/types.go:18.21,19.21 1 0
github.com/zeroflucs-given/charybdis/mapping/types.go:20.22,21.23 1 0
github.com/zeroflucs-given/charybdis/mapping/types.go:22.20,23.20 1 0
github.com/zeroflucs-given/charybdis/mapping/types.go:24.22,25.20 1 0
github.com/zeroflucs-given/charybdis/mapping/types.go:26.24,27.22 1 0
github.com/zeroflucs-given/charybdis/mapping/types.go:28.24,29.23 1 0
github.com/zeroflucs-given/charybdis/mapping/types.go:30.21,31.26 1 0
github.com/zeroflucs-given/charybdis/mapping/types.go:32.26,33.21 1 0
github.com/zeroflucs-given/charybdis/mapping/types.go:35.2,35.55 1 0
github.com/zeroflucs-given/charybdis/metadata/column_specification.go:14.48,15.14 1 1
github.com/zeroflucs-given/charybdis/metadata/column_specification.go:15.14,17.3 1 0
github.com/zeroflucs-given/charybdis/metadata/column_specification.go:20.2,20.26 1 1
github.com/zeroflucs-given/charybdis/metadata/column_specification.go:20.26,22.3 1 0
github.com/zeroflucs-given/charybdis/metadata/column_specification.go:25.2,25.21 1 1
github.com/zeroflucs-given/charybdis/metadata/column_specification.go:25.21,27.3 1 0
github.com/zeroflucs-given/charybdis/metadata/column_specification.go:29.2,29.12 1 1
github.com/zeroflucs-given/charybdis/metadata/table_specification.go:22.45,23.49 1 0
github.com/zeroflucs-given/charybdis/metadata/table_specification.go:23.49,25.3 1 0
github.com/zeroflucs-given/charybdis/metadata/table_specification.go:26.2,26.47 1 0
github.com/zeroflucs-given/charybdis/metadata/table_specification.go:26.47,28.3 1 0
github.com/zeroflucs-given/charybdis/metadata/table_specification.go:32.77,33.14 1 0
github.com/zeroflucs-given/charybdis/metadata/table_specification.go:33.14,35.3 1 0
github.com/zeroflucs-given/charybdis/metadata/table_specification.go:37.2,42.32 3 0
github.com/zeroflucs-given/charybdis/metadata/table_specification.go:42.32,51.3 3 0
github.com/zeroflucs-given/charybdis/metadata/table_specification.go:52.2,52.36 1 0
github.com/zeroflucs-given/charybdis/metadata/table_specification.go:52.36,57.3 1 0
github.com/zeroflucs-given/charybdis/metadata/table_specification.go:58.2,58.34 1 0
github.com/zeroflucs-given/charybdis/metadata/table_specification.go:58.34,64.3 1 0
github.com/zeroflucs-given/charybdis/metadata/table_specification.go:66.2,66.20 1 0
github.com/zeroflucs-given/charybdis/metadata/table_specification.go:66.20,68.31 2 0
github.com/zeroflucs-given/charybdis/metadata/table_specification.go:68.31,70.4 1 0
github.com/zeroflucs-given/charybdis/metadata/table_specification.go:73.2,73.13 1 0
github.com/zeroflucs-given/charybdis/metadata/table_specification.go:77.52,78.14 1 0
github.com/zeroflucs-given/charybdis/metadata/table_specification.go:78.14,80.3 1 0
github.com/zeroflucs-given/charybdis/metadata/table_specification.go:82.2,84.79 1 0
github.com/zeroflucs-given/charybdis/metadata/table_specification.go:84.79,86.4 1 0
github.com/zeroflucs-given/charybdis/metadata/table_specification.go:87.83,89.4 1 0
github.com/zeroflucs-given/charybdis/metadata/table_specification.go:90.79,92.4 1 0
github.com/zeroflucs-given/charybdis/metadata/table_specification.go:95.2,95.22 1 0
github.com/zeroflucs-given/charybdis/metadata/table_specification.go:99.47,100.14 1 1
github.com/zeroflucs-given/charybdis/metadata/table_specification.go:100.14,102.3 1 0
github.com/zeroflucs-given/charybdis/metadata/table_specification.go:105.2,105.26 1 1
github.com/zeroflucs-given/charybdis/metadata/table_specification.go:105.26,107.3 1 0
github.com/zeroflucs-given/charybdis/metadata/table_specification.go:110.2,110.32 1 1
github.com/zeroflucs-given/charybdis/metadata/table_specification.go:110.32,112.17 2 1
github.com/zeroflucs-given/charybdis/metadata/table_specification.go:112.17,114.4 1 0
github.com/zeroflucs-given/charybdis/metadata/table_specification.go:117.3,117.51 1 1
github.com/zeroflucs-given/charybdis/metadata/table_specification.go:117.51,119.4 1 0
github.com/zeroflucs-given/charybdis/metadata/table_specification.go:123.2,123.30 1 1
github.com/zeroflucs-given/charybdis/metadata/table_specification.go:123.30,125.3 1 0
github.com/zeroflucs-given/charybdis/metadata/table_specification.go:128.2,128.36 1 1
github.com/zeroflucs-given/charybdis/metadata/table_specification.go:128.36,130.33 2 1
github.com/zeroflucs-given/charybdis/metadata/table_specification.go:130.33,131.24 1 1
github.com/zeroflucs-given/charybdis/metadata/table_specification.go:131.24,133.31 2 1
github.com/zeroflucs-given/charybdis/metadata/table_specification.go:133.31,135.6 1 0
github.com/zeroflucs-given/charybdis/metadata/table_specification.go:138.3,138.13 1 1
github.com/zeroflucs-given/charybdis/metadata/table_specification.go:138.13,140.4 1 0
github.com/zeroflucs-given/charybdis/metadata/table_specification.go:144.2,144.34 1 1
github.com/zeroflucs-given/charybdis/metadata/table_specification.go:144.34,146.33 2 1
github.com/zeroflucs-given/charybdis/metadata/table_specification.go:146.33,147.24 1 1
github.com/zeroflucs-given/charybdis/metadata/table_specification.go:147.24,149.29 2 1
github.com/zeroflucs-given/charybdis/metadata/table_specification.go:149.29,151.6 1 0
github.com/zeroflucs-given/charybdis/metadata/table_specification.go:154.3,154.13 1 1
github.com/zeroflucs-given/charybdis/metadata/table_specification.go:154.13,156.4 1 0
github.com/zeroflucs-given/charybdis/metadata/table_specification.go:161.2,161.34 1 1
github.com/zeroflucs-given/charybdis/metadata/table_specification.go:161.34,163.33 2 0
github.com/zeroflucs-given/charybdis/metadata/table_specification.go:163.33,164.20 1 0
github.com/zeroflucs-given/charybdis/metadata/table_specification.go:164.20,166.5 1 0
github.com/zeroflucs-given/charybdis/metadata/table_specification.go:168.3,168.13 1 0
github.com/zeroflucs-given/charybdis/metadata/table_specification.go:168.13,170.4 1 0
github.com/zeroflucs-given/charybdis/metadata/table_specification.go:173.2,173.12 1 1
github.com/zeroflucs-given/charybdis/metadata/utils.go:5.33,8.2 2 1
github.com/zeroflucs-given/charybdis/metadata/version.go:21.82,26.16 4 0
github.com/zeroflucs-given/charybdis/metadata/version.go:26.16,28.3 1 0
github.com/zeroflucs-given/charybdis/metadata/version.go:30.2,30.35 1 0
github.com/zeroflucs-given/charybdis/metadata/version.go:36.43,41.48 3 0
github.com/zeroflucs-given/charybdis/metadata/version.go:41.48,45.18 3 0
github.com/zeroflucs-given/charybdis/metadata/version.go:45.18,47.4 1 0
github.com/zeroflucs-given/charybdis/metadata/version.go:49.3,50.15 2 0
github.com/zeroflucs-given/charybdis/metadata/version.go:50.15,52.4 1 0
github.com/zeroflucs-given/charybdis/metadata/version.go:54.3,54.17 1 0
github.com/zeroflucs-given/charybdis/metadata/version.go:54.17,56.4 1 0
github.com/zeroflucs-given/charybdis/metadata/version.go:58.3,58.19 1 0
github.com/zeroflucs-given/charybdis/metadata/version.go:61.2,62.20 2 0
github.com/zeroflucs-given/charybdis/metadata/version.go:63.9,65.14 2 0
github.com/zeroflucs-given/charybdis/metadata/version.go:65.14,67.4 1 0
github.com/zeroflucs-given/charybdis/metadata/version.go:68.3,68.14 1 0
github.com/zeroflucs-given/charybdis/metadata/version.go:69.9,71.14 2 0
github.com/zeroflucs-given/charybdis/metadata/version.go:71.14,73.4 1 0
github.com/zeroflucs-given/charybdis/metadata/version.go:74.3,74.14 1 0
github.com/zeroflucs-given/charybdis/metadata/version.go:75.9,77.14 2 0
github.com/zeroflucs-given/charybdis/metadata/version.go:77.14,79.4 1 0
github.com/zeroflucs-given/charybdis/metadata/version.go:82.2,82.10 1 0
github.com/zeroflucs-given/charybdis/metadata/view_specification.go:20.46,21.32 1 0
github.com/zeroflucs-given/charybdis/metadata/view_specification.go:21.32,23.3 1 0
github.com/zeroflucs-given/charybdis/metadata/view_specification.go:26.2,26.26 1 0
github.com/zeroflucs-given/charybdis/metadata/view_specification.go:26.26,28.3 1 0
github.com/zeroflucs-given/charybdis/metadata/view_specification.go:31.2,31.43 1 0
github.com/zeroflucs-given/charybdis/metadata/view_specification.go:31.43,33.3 1 0
github.com/zeroflucs-given/charybdis/metadata/view_specification.go:36.2,37.80 1 0
github.com/zeroflucs-given/charybdis/metadata/view_specification.go:37.80,39.4 1 0
github.com/zeroflucs-given/charybdis/metadata/view_specification.go:40.76,42.4 1 0
github.com/zeroflucs-given/charybdis/metadata/view_specification.go:44.2,45.74 1 0
github.com/zeroflucs-given/charybdis/metadata/view_specification.go:45.74,47.4 1 0
github.com/zeroflucs-given/charybdis/metadata/view_specification.go:48.70,50.4 1 0
github.com/zeroflucs-given/charybdis/metadata/view_specification.go:52.2,52.36 1 0
github.com/zeroflucs-given/charybdis/metadata/view_specification.go:52.36,54.3 1 0
github.com/zeroflucs-given/charybdis/metadata/view_specification.go:56.2,57.26 2 0
github.com/zeroflucs-given/charybdis/metadata/view_specification.go:57.26,59.3 1 0
github.com/zeroflucs-given/charybdis/metadata/view_specification.go:61.2,61.12 1 0
github.com/zeroflucs-given/charybdis/metadata/view_specification.go:65.51,66.14 1 0
github.com/zeroflucs-given/charybdis/metadata/view_specification.go:66.14,68.3 1 0
github.com/zeroflucs-given/charybdis/metadata/view_specification.go:72.2,73.36 2 0
github.com/zeroflucs-given/charybdis/metadata/view_specification.go:73.36,75.3 1 0
github.com/zeroflucs-given/charybdis/metadata/view_specification.go:77.2,78.35 2 0
github.com/zeroflucs-given/charybdis/metadata/view_specification.go:78.35,80.3 1 0
github.com/zeroflucs-given/charybdis/metadata/view_specification.go:81.2,81.33 1 0
github.com/zeroflucs-given/charybdis/metadata/view_specification.go:81.33,83.3 1 0
github.com/zeroflucs-given/charybdis/metadata/view_specification.go:84.2,84.36 1 0
github.com/zeroflucs-given/charybdis/metadata/view_specification.go:84.36,87.32 2 0
github.com/zeroflucs-given/charybdis/metadata/view_specification.go:87.32,88.14 1 0
github.com/zeroflucs-given/charybdis/metadata/view_specification.go:88.14,90.10 2 0
github.com/zeroflucs-given/charybdis/metadata/view_specification.go:93.3,93.13 1 0
github.com/zeroflucs-given/charybdis/metadata/view_specification.go:93.13,95.4 1 0
github.com/zeroflucs-given/charybdis/metadata/view_specification.go:98.2,100.80 1 0
github.com/zeroflucs-given/charybdis/metadata/view_specification.go:100.80,103.4 1 0
github.com/zeroflucs-given/charybdis/metadata/view_specification.go:104.83,106.4 1 0
github.com/zeroflucs-given/charybdis/metadata/view_specification.go:107.79,109.4 1 0
github.com/zeroflucs-given/charybdis/metadata/view_specification.go:112.2,112.22 1 0
github.com/zeroflucs-given/charybdis/projections/parameters.go:23.52,26.2 2 0
github.com/zeroflucs-given/charybdis/projections/parameters.go:38.84,39.36 1 0
github.com/zeroflucs-given/charybdis/projections/parameters.go:39.36,41.3 1 0
github.com/zeroflucs-given/charybdis/projections/parameters.go:45.60,47.52 1 0
github.com/zeroflucs-given/charybdis/projections/parameters.go:47.52,49.4 1 0
github.com/zeroflucs-given/charybdis/projections/parameters.go:54.79,56.52 1 0
github.com/zeroflucs-given/charybdis/projections/parameters.go:56.52,58.4 1 0
github.com/zeroflucs-given/charybdis/projections/parameters.go:63.82,65.52 1 0
github.com/zeroflucs-given/charybdis/projections/parameters.go:65.52,67.38 2 0
github.com/zeroflucs-given/charybdis/projections/parameters.go:67.38,69.5 1 0
github.com/zeroflucs-given/charybdis/projections/parameters.go:76.85,78.52 1 0
github.com/zeroflucs-given/charybdis/projections/parameters.go:78.52,80.4 1 0
github.com/zeroflucs-given/charybdis/projections/parameters.go:85.68,87.52 1 0
github.com/zeroflucs-given/charybdis/projections/parameters.go:87.52,89.4 1 0
github.com/zeroflucs-given/charybdis/projections/parameters.go:94.61,96.52 1 0
github.com/zeroflucs-given/charybdis/projections/parameters.go:96.52,98.4 1 0
github.com/zeroflucs-given/charybdis/projections/parameters.go:103.82,105.52 1 0
github.com/zeroflucs-given/charybdis/projections/parameters.go:105.52,107.4 1 0
github.com/zeroflucs-given/charybdis/projections/parameters.go:113.74,115.52 1 0
github.com/zeroflucs-given/charybdis/projections/parameters.go:115.52,117.4 1 0
github.com/zeroflucs-given/charybdis/projections/projection.go:17.88,19.16 2 0
github.com/zeroflucs-given/charybdis/projections/projection.go:19.16,21.3 1 0
github.com/zeroflucs-given/charybdis/projections/projection.go:23.2,24.29 2 0
github.com/zeroflucs-given/charybdis/projections/projection.go:28.76,30.2 1 0
github.com/zeroflucs-given/charybdis/projections/projection.go:33.83,35.2 1 0
github.com/zeroflucs-given/charybdis/projections/projection_manager.go:18.65,22.27 3 0
github.com/zeroflucs-given/charybdis/projections/projection_manager.go:22.27,24.3 1 0
github.com/zeroflucs-given/charybdis/projections/projection_manager.go:27.2,34.16 3 0
github.com/zeroflucs-given/charybdis/projections/projection_manager.go:34.16,36.3 1 0
github.com/zeroflucs-given/charybdis/projections/projection_manager.go:39.2,40.42 2 0
github.com/zeroflucs-given/charybdis/projections/projection_manager.go:40.42,42.17 2 0
github.com/zeroflucs-given/charybdis/projections/projection_manager.go:42.17,44.4 1 0
github.com/zeroflucs-given/charybdis/projections/projection_manager.go:45.3,45.19 1 0
github.com/zeroflucs-given/charybdis/projections/projection_manager.go:45.19,47.4 1 0
github.com/zeroflucs-given/charybdis/projections/projection_manager.go:51.2,53.51 1 0
github.com/zeroflucs-given/charybdis/projections/projection_manager.go:53.51,55.4 1 0
github.com/zeroflucs-given/charybdis/projections/projection_manager.go:67.90,71.97 3 0
github.com/zeroflucs-given/charybdis/projections/projection_manager.go:71.97,73.3 1 0
github.com/zeroflucs-given/charybdis/projections/projection_manager.go:75.2,75.13 1 0
github.com/zeroflucs-given/charybdis/projections/projection_manager.go:79.142,84.126 2 0
github.com/zeroflucs-given/charybdis/projections/projection_manager.go:84.126,89.48 2 0
github.com/zeroflucs-given/charybdis/projections/projection_manager.go:89.48,91.5 1 0
github.com/zeroflucs-given/charybdis/projections/projection_manager.go:92.4,92.14 1 0
github.com/zeroflucs-given/charybdis/projections/projection_manager.go:95.2,96.38 2 0
github.com/zeroflucs-given/charybdis/projections/projection_manager.go:96.38,98.3 1 0
github.com/zeroflucs-given/charybdis/projections/projection_manager.go:100.2,100.39 1 0
github.com/zeroflucs-given/charybdis/projections/projection_manager.go:100.39,102.10 2 0
github.com/zeroflucs-given/charybdis/projections/projection_manager.go:102.10,104.4 1 0
github.com/zeroflucs-given/charybdis/projections/projection_manager.go:105.3,110.32 3 0
github.com/zeroflucs-given/charybdis/projections/projection_manager.go:113.2,113.37 1 0
github.com/zeroflucs-given/charybdis/projections/projection_manager.go:113.37,115.10 2 0
github.com/zeroflucs-given/charybdis/projections/projection_manager.go:115.10,117.4 1 0
github.com/zeroflucs-given/charybdis/projections/projection_manager.go:118.3,124.32 3 0
github.com/zeroflucs-given/charybdis/projections/projection_manager.go:126.2,128.25 2 0
github.com/zeroflucs-given/charybdis/projections/projection_manager.go:128.25,130.3 1 0
github.com/zeroflucs-given/charybdis/projections/projection_manager.go:133.2,139.23 2 0
github.com/zeroflucs-given/charybdis/projections/projection_manager.go:139.23,141.3 1 0
github.com/zeroflucs-given/charybdis/projections/projection_manager.go:143.2,144.54 1 0
github.com/zeroflucs-given/charybdis/projections/projection_manager.go:144.54,146.4 1 0
github.com/zeroflucs-given/charybdis/projections/projection_manager.go:152.82,153.41 1 0
github.com/zeroflucs-given/charybdis/projections/projection_manager.go:153.41,155.3 1 0
github.com/zeroflucs-given/charybdis/projections/projection_manager.go:156.2,156.12 1 0
github.com/zeroflucs-given/charybdis/projections/projection_manager.go:160.89,162.16 2 0
github.com/zeroflucs-given/charybdis/projections/projection_manager.go:162.16,164.3 1 0
github.com/zeroflucs-given/charybdis/projections/projection_manager.go:168.2,169.16 2 0
github.com/zeroflucs-given/charybdis/projections/projection_manager.go:169.16,171.3 1 0
github.com/zeroflucs-given/charybdis/projections/projection_manager.go:174.2,175.34 2 0
github.com/zeroflucs-given/charybdis/projections/projection_manager.go:175.34,177.30 2 0
github.com/zeroflucs-given/charybdis/projections/projection_manager.go:177.30,179.4 1 0
github.com/zeroflucs-given/charybdis/projections/projection_manager.go:181.2,182.23 2 0
github.com/zeroflucs-given/charybdis/projections/projection_manager.go:182.23,184.3 1 0
github.com/zeroflucs-given/charybdis/projections/projection_manager.go:186.2,187.26 2 0
github.com/zeroflucs-given/charybdis/projections/projection_manager.go:187.26,189.3 1 0
github.com/zeroflucs-given/charybdis/projections/projection_manager.go:191.2,191.12 1 0
github.com/zeroflucs-given/charybdis/projections/projection_manager.go:195.94,197.16 2 0
github.com/zeroflucs-given/charybdis/projections/projection_manager.go:197.16,199.3 1 0
github.com/zeroflucs-given/charybdis/projections/projection_manager.go:203.2,204.16 2 0
github.com/zeroflucs-given/charybdis/projections/projection_manager.go:204.16,206.3 1 0
github.com/zeroflucs-given/charybdis/projections/projection_manager.go:209.2,210.34 2 0
github.com/zeroflucs-given/charybdis/projections/projection_manager.go:210.34,212.30 2 0
github.com/zeroflucs-given/charybdis/projections/projection_manager.go:212.30,214.4 1 0
github.com/zeroflucs-given/charybdis/projections/projection_manager.go:216.2,217.23 2 0
github.com/zeroflucs-given/charybdis/projections/projection_manager.go:217.23,219.3 1 0
github.com/zeroflucs-given/charybdis/projections/projection_manager.go:222.2,223.25 2 0
github.com/zeroflucs-given/charybdis/projections/projection_manager.go:223.25,225.3 1 0
github.com/zeroflucs-given/charybdis/projections/projection_manager.go:228.2,229.34 2 0
github.com/zeroflucs-given/charybdis/projections/projection_manager.go:229.34,231.23 2 0
github.com/zeroflucs-given/charybdis/projections/projection_manager.go:231.23,233.4 1 0
github.com/zeroflucs-given/charybdis/projections/projection_manager.go:236.2,236.19 1 0
github.com/zeroflucs-given/charybdis/projections/projection_spec.go:19.51,20.50 1 0
github.com/zeroflucs-given/charybdis/projections/projection_spec.go:20.50,22.3 1 0
github.com/zeroflucs-given/charybdis/projections/projection_spec.go:23.2,23.48 1 0
github.com/zeroflucs-given/charybdis/projections/projection_spec.go:23.48,25.3 1 0
github.com/zeroflucs-given/charybdis/projections/utils.go:14.93,15.21 1 0
github.com/zeroflucs-given/charybdis/projections/utils.go:15.21,17.3 1 0
github.com/zeroflucs-given/charybdis/projections/utils.go:19.2,27.16 4 0
github.com/zeroflucs-given/charybdis/projections/utils.go:27.16,29.3 1 0
github.com/zeroflucs-given/charybdis/projections/utils.go:30.2,31.22 2 0
github.com/zeroflucs-given/charybdis/projections/utils.go:31.22,33.3 1 0
github.com/zeroflucs-given/charybdis/projections/utils.go:35.2,37.45 2 0
github.com/zeroflucs-given/charybdis/projections/utils.go:37.45,39.10 2 0
github.com/zeroflucs-given/charybdis/projections/utils.go:39.10,41.4 1 0
github.com/zeroflucs-given/charybdis/projections/utils.go:42.3,42.33 1 0
github.com/zeroflucs-given/charybdis/projections/utils.go:45.2,45.43 1 0
github.com/zeroflucs-given/charybdis/projections/utils.go:45.43,47.10 2 0
github.com/zeroflucs-given/charybdis/projections/utils.go:47.10,49.4 1 0
github.com/zeroflucs-given/charybdis/projections/utils.go:50.3,50.33 1 0
github.com/zeroflucs-given/charybdis/projections/utils.go:53.2,53.21 1 0
github.com/zeroflucs-given/charybdis/tables/count.go:11.72,12.132 1 0
github.com/zeroflucs-given/charybdis/tables/count.go:12.132,13.93 1 0
github.com/zeroflucs-given/charybdis/tables/count.go:13.93,21.4 2 0
github.com/zeroflucs-given/charybdis/tables/count.go:26.108,27.146 1 0
github.com/zeroflucs-given/charybdis/tables/count.go:27.146,28.93 1 0
github.com/zeroflucs-given/charybdis/tables/count.go:28.93,38.4 2 0
github.com/zeroflucs-given/charybdis/tables/count.go:43.114,44.145 1 0
github.com/zeroflucs-given/charybdis/tables/count.go:44.145,46.3 1 0
github.com/zeroflucs-given/charybdis/tables/count.go:50.109,54.2 3 0
github.com/zeroflucs-given/charybdis/tables/delete.go:15.78,16.128 1 0
github.com/zeroflucs-given/charybdis/tables/delete.go:16.128,18.32 1 0
github.com/zeroflucs-given/charybdis/tables/delete.go:18.32,20.18 2 0
github.com/zeroflucs-given/charybdis/tables/delete.go:20.18,22.5 1 0
github.com/zeroflucs-given/charybdis/tables/delete.go:23.4,24.23 2 0
github.com/zeroflucs-given/charybdis/tables/delete.go:24.23,26.5 1 0
github.com/zeroflucs-given/charybdis/tables/delete.go:29.3,33.7 4 0
github.com/zeroflucs-given/charybdis/tables/delete.go:33.7,40.18 2 0
github.com/zeroflucs-given/charybdis/tables/delete.go:40.18,41.10 1 0
github.com/zeroflucs-given/charybdis/tables/delete.go:44.4,46.18 3 0
github.com/zeroflucs-given/charybdis/tables/delete.go:46.18,48.5 1 0
github.com/zeroflucs-given/charybdis/tables/delete.go:50.4,57.5 1 0
github.com/zeroflucs-given/charybdis/tables/delete.go:60.3,60.13 1 0
github.com/zeroflucs-given/charybdis/tables/delete.go:65.90,66.132 1 0
github.com/zeroflucs-given/charybdis/tables/delete.go:66.132,68.32 1 0
github.com/zeroflucs-given/charybdis/tables/delete.go:68.32,70.18 2 0
github.com/zeroflucs-given/charybdis/tables/delete.go:70.18,72.5 1 0
github.com/zeroflucs-given/charybdis/tables/delete.go:73.4,74.23 2 0
github.com/zeroflucs-given/charybdis/tables/delete.go:74.23,76.5 1 0
github.com/zeroflucs-given/charybdis/tables/delete.go:79.3,83.7 4 0
github.com/zeroflucs-given/charybdis/tables/delete.go:83.7,90.18 2 0
github.com/zeroflucs-given/charybdis/tables/delete.go:90.18,91.10 1 0
github.com/zeroflucs-given/charybdis/tables/delete.go:94.4,96.18 3 0
github.com/zeroflucs-given/charybdis/tables/delete.go:96.18,98.5 1 0
github.com/zeroflucs-given/charybdis/tables/delete.go:100.4,107.5 1 0
github.com/zeroflucs-given/charybdis/tables/delete.go:110.3,110.13 1 0
github.com/zeroflucs-given/charybdis/tables/hooks.go:12.68,14.2 1 0
github.com/zeroflucs-given/charybdis/tables/hooks.go:18.68,20.2 1 0
github.com/zeroflucs-given/charybdis/tables/hooks.go:24.69,26.2 1 0
github.com/zeroflucs-given/charybdis/tables/hooks.go:29.83,30.34 1 0
github.com/zeroflucs-given/charybdis/tables/hooks.go:30.34,32.17 2 0
github.com/zeroflucs-given/charybdis/tables/hooks.go:32.17,34.4 1 0
github.com/zeroflucs-given/charybdis/tables/hooks.go:37.2,37.12 1 0
github.com/zeroflucs-given/charybdis/tables/hooks.go:41.84,42.35 1 0
github.com/zeroflucs-given/charybdis/tables/hooks.go:42.35,44.17 2 0
github.com/zeroflucs-given/charybdis/tables/hooks.go:44.17,46.4 1 0
github.com/zeroflucs-given/charybdis/tables/hooks.go:49.2,49.12 1 0
github.com/zeroflucs-given/charybdis/tables/hooks.go:53.89,54.21 1 0
github.com/zeroflucs-given/charybdis/tables/hooks.go:54.21,56.3 1 0
github.com/zeroflucs-given/charybdis/tables/hooks.go:58.2,58.34 1 0
github.com/zeroflucs-given/charybdis/tables/hooks.go:58.34,60.17 2 0
github.com/zeroflucs-given/charybdis/tables/hooks.go:60.17,62.4 1 0
github.com/zeroflucs-given/charybdis/tables/hooks.go:65.2,65.12 1 0
github.com/zeroflucs-given/charybdis/tables/insert.go:16.100,17.120 1 0
github.com/zeroflucs-given/charybdis/tables/insert.go:17.120,19.3 1 0
github.com/zeroflucs-given/charybdis/tables/insert.go:24.109,25.120 1 0
github.com/zeroflucs-given/charybdis/tables/insert.go:25.120,27.3 1 0
github.com/zeroflucs-given/charybdis/tables/insert.go:32.124,33.22 1 0
github.com/zeroflucs-given/charybdis/tables/insert.go:33.22,35.3 1 0
github.com/zeroflucs-given/charybdis/tables/insert.go:37.2,37.124 1 0
github.com/zeroflucs-given/charybdis/tables/insert.go:37.124,41.31 3 0
github.com/zeroflucs-given/charybdis/tables/insert.go:41.31,43.24 2 0
github.com/zeroflucs-given/charybdis/tables/insert.go:43.24,45.5 1 0
github.com/zeroflucs-given/charybdis/tables/insert.go:48.3,48.20 1 0
github.com/zeroflucs-given/charybdis/tables/insert.go:53.131,56.16 2 0
github.com/zeroflucs-given/charybdis/tables/insert.go:56.16,58.3 1 0
github.com/zeroflucs-given/charybdis/tables/insert.go:60.2,60.22 1 0
github.com/zeroflucs-given/charybdis/tables/insert.go:60.22,63.3 1 0
github.com/zeroflucs-given/charybdis/tables/insert.go:66.2,68.27 2 0
github.com/zeroflucs-given/charybdis/tables/insert.go:68.27,70.3 1 0
github.com/zeroflucs-given/charybdis/tables/insert.go:72.2,78.6 6 0
github.com/zeroflucs-given/charybdis/tables/insert.go:78.6,84.17 2 0
github.com/zeroflucs-given/charybdis/tables/insert.go:84.17,85.9 1 0
github.com/zeroflucs-given/charybdis/tables/insert.go:88.3,90.17 3 0
github.com/zeroflucs-given/charybdis/tables/insert.go:90.17,92.4 1 0
github.com/zeroflucs-given/charybdis/tables/insert.go:94.3,101.4 1 0
github.com/zeroflucs-given/charybdis/tables/insert.go:104.2,104.14 1 0
github.com/zeroflucs-given/charybdis/tables/insert.go:104.14,106.3 1 0
github.com/zeroflucs-given/charybdis/tables/insert.go:109.2,110.20 2 0
github.com/zeroflucs-given/charybdis/tables/insert.go:110.20,112.3 1 0
github.com/zeroflucs-given/charybdis/tables/insert.go:114.2,114.12 1 0
github.com/zeroflucs-given/charybdis/tables/options_insert.go:15.90,17.2 1 0
github.com/zeroflucs-given/charybdis/tables/options_insert.go:19.46,21.2 1 0
github.com/zeroflucs-given/charybdis/tables/options_insert.go:24.35,26.70 1 0
github.com/zeroflucs-given/charybdis/tables/options_insert.go:26.70,28.4 1 0
github.com/zeroflucs-given/charybdis/tables/options_insert.go:34.50,36.70 1 0
github.com/zeroflucs-given/charybdis/tables/options_insert.go:36.70,38.4 1 0
github.com/zeroflucs-given/charybdis/tables/options_manager.go:17.72,19.83 1 0
github.com/zeroflucs-given/charybdis/tables/options_manager.go:19.83,20.74 1 0
github.com/zeroflucs-given/charybdis/tables/options_manager.go:20.74,25.5 4 0
github.com/zeroflucs-given/charybdis/tables/options_manager.go:26.4,26.14 1 0
github.com/zeroflucs-given/charybdis/tables/options_manager.go:32.72,34.83 1 0
github.com/zeroflucs-given/charybdis/tables/options_manager.go:34.83,37.4 2 0
github.com/zeroflucs-given/charybdis/tables/options_manager.go:42.73,44.83 1 0
github.com/zeroflucs-given/charybdis/tables/options_manager.go:44.83,47.4 2 0
github.com/zeroflucs-given/charybdis/tables/options_manager.go:52.69,54.83 1 0
github.com/zeroflucs-given/charybdis/tables/options_manager.go:54.83,58.4 3 0
github.com/zeroflucs-given/charybdis/tables/options_manager.go:64.52,70.83 2 0
github.com/zeroflucs-given/charybdis/tables/options_manager.go:70.83,73.4 2 0
github.com/zeroflucs-given/charybdis/tables/options_manager.go:78.50,80.83 1 0
github.com/zeroflucs-given/charybdis/tables/options_manager.go:80.83,83.4 2 0
github.com/zeroflucs-given/charybdis/tables/options_manager.go:88.48,90.83 1 0
github.com/zeroflucs-given/charybdis/tables/options_manager.go:90.83,93.4 2 0
github.com/zeroflucs-given/charybdis/tables/options_manager.go:98.78,100.83 1 0
github.com/zeroflucs-given/charybdis/tables/options_manager.go:100.83,103.4 2 0
github.com/zeroflucs-given/charybdis/tables/options_manager.go:108.76,110.83 1 0
github.com/zeroflucs-given/charybdis/tables/options_manager.go:110.83,113.4 2 0
github.com/zeroflucs-given/charybdis/tables/options_manager.go:119.60,123.2 1 0
github.com/zeroflucs-given/charybdis/tables/options_manager.go:128.57,130.83 1 0
github.com/zeroflucs-given/charybdis/tables/options_manager.go:130.83,135.4 4 0
github.com/zeroflucs-given/charybdis/tables/options_manager.go:153.106,154.29 1 0
github.com/zeroflucs-given/charybdis/tables/options_manager.go:154.29,156.3 1 0
github.com/zeroflucs-given/charybdis/tables/options_manager.go:158.2,158.38 1 0
github.com/zeroflucs-given/charybdis/tables/options_manager.go:161.187,162.24 1 0
github.com/zeroflucs-given/charybdis/tables/options_manager.go:162.24,164.3 1 0
github.com/zeroflucs-given/charybdis/tables/options_manager.go:166.2,166.61 1 0
github.com/zeroflucs-given/charybdis/tables/options_manager.go:169.60,171.2 1 0
github.com/zeroflucs-given/charybdis/tables/options_manager.go:173.60,175.2 1 0
github.com/zeroflucs-given/charybdis/tables/options_manager.go:177.60,179.2 1 0
github.com/zeroflucs-given/charybdis/tables/options_manager.go:181.78,183.2 1 0
github.com/zeroflucs-given/charybdis/tables/options_manager.go:185.77,187.2 1 0
github.com/zeroflucs-given/charybdis/tables/options_query.go:16.69,17.27 1 0
github.com/zeroflucs-given/charybdis/tables/options_query.go:17.27,19.3 1 0
github.com/zeroflucs-given/charybdis/tables/options_query.go:20.2,20.26 1 0
github.com/zeroflucs-given/charybdis/tables/options_query.go:24.83,25.29 1 0
github.com/zeroflucs-given/charybdis/tables/options_query.go:25.29,27.3 1 0
github.com/zeroflucs-given/charybdis/tables/options_query.go:28.2,28.34 1 0
github.com/zeroflucs-given/charybdis/tables/options_query.go:31.42,33.2 1 0
github.com/zeroflucs-given/charybdis/tables/options_query.go:36.57,38.55 1 0
github.com/zeroflucs-given/charybdis/tables/options_query.go:38.55,40.4 1 0
github.com/zeroflucs-given/charybdis/tables/options_query.go:45.53,47.69 1 0
github.com/zeroflucs-given/charybdis/tables/options_query.go:47.69,48.34 1 0
github.com/zeroflucs-given/charybdis/tables/options_query.go:48.34,50.5 1 0
github.com/zeroflucs-given/charybdis/tables/options_query.go:51.4,51.45 1 0
github.com/zeroflucs-given/charybdis/tables/options_query.go:57.49,61.2 1 0
github.com/zeroflucs-given/charybdis/tables/options_query.go:65.55,67.69 1 0
github.com/zeroflucs-given/charybdis/tables/options_query.go:67.69,68.28 1 0
github.com/zeroflucs-given/charybdis/tables/options_query.go:68.28,70.5 1 0
github.com/zeroflucs-given/charybdis/tables/options_query.go:71.4,71.39 1 0
github.com/zeroflucs-given/charybdis/tables/options_query.go:78.44,80.59 1 0
github.com/zeroflucs-given/charybdis/tables/options_query.go:80.59,81.22 1 0
github.com/zeroflucs-given/charybdis/tables/options_query.go:81.22,83.5 1 0
github.com/zeroflucs-given/charybdis/tables/options_query.go:84.4,84.30 1 0
github.com/zeroflucs-given/charybdis/tables/options_query.go:91.50,93.69 1 0
github.com/zeroflucs-given/charybdis/tables/options_query.go:93.69,95.4 1 0
github.com/zeroflucs-given/charybdis/tables/options_query.go:96.59,98.4 1 0
github.com/zeroflucs-given/charybdis/tables/options_update.go:18.90,20.2 1 0
github.com/zeroflucs-given/charybdis/tables/options_update.go:22.52,24.2 1 0
github.com/zeroflucs-given/charybdis/tables/options_update.go:26.46,28.2 1 0
github.com/zeroflucs-given/charybdis/tables/options_update.go:31.62,41.70 2 0
github.com/zeroflucs-given/charybdis/tables/options_update.go:41.70,43.4 1 0
github.com/zeroflucs-given/charybdis/tables/options_update.go:49.77,52.70 1 0
github.com/zeroflucs-given/charybdis/tables/options_update.go:52.70,54.4 1 0
[...]
github.com/zeroflucs-given/charybdis/tables/insert.go:60.2,60.22 1 1
github.com/zeroflucs-given/charybdis/tables/insert.go:60.22,63.3 1 1
github.com/zeroflucs-given/charybdis/tables/insert.go:66.2,68.27 2 1
github.com/zeroflucs-given/charybdis/tables/insert.go:68.27,70.3 1 1
github.com/zeroflucs-given/charybdis/tables/insert.go:72.2,78.6 6 1
github.com/zeroflucs-given/charybdis/tables/insert.go:78.6,84.17 2 1
github.com/zeroflucs-given/charybdis/tables/insert.go:84.17,85.9 1 1
github.com/zeroflucs-given/charybdis/tables/insert.go:88.3,90.17 3 0
github.com/zeroflucs-given/charybdis/tables/insert.go:90.17,92.4 1 0
github.com/zeroflucs-given/charybdis/tables/insert.go:94.3,101.4 1 0
github.com/zeroflucs-given/charybdis/tables/insert.go:104.2,104.14 1 1
github.com/zeroflucs-given/charybdis/tables/insert.go:104.14,106.3 1 1
github.com/zeroflucs-given/charybdis/tables/insert.go:109.2,110.20 2 1
github.com/zeroflucs-given/charybdis/tables/insert.go:110.20,112.3 1 0
github.com/zeroflucs-given/charybdis/tables/insert.go:114.2,114.12 1 1
github.com/zeroflucs-given/charybdis/tables/options_insert.go:15.90,17.2 1 1
github.com/zeroflucs-given/charybdis/tables/options_insert.go:19.46,21.2 1 0
github.com/zeroflucs-given/charybdis/tables/options_insert.go:24.35,26.70 1 1
github.com/zeroflucs-given/charybdis/tables/options_insert.go:26.70,28.4 1 1
github.com/zeroflucs-given/charybdis/tables/options_insert.go:34.50,36.70 1 0
github.com/zeroflucs-given/charybdis/tables/options_insert.go:36.70,38.4 1 0
github.com/zeroflucs-given/charybdis/tables/options_manager.go:17.72,19.83 1 1
github.com/zeroflucs-given/charybdis/tables/options_manager.go:19.83,20.74 1 1
github.com/zeroflucs-given/charybdis/tables/options_manager.go:20.74,25.5 4 1
github.com/zeroflucs-given/charybdis/tables/options_manager.go:26.4,26.14 1 1
github.com/zeroflucs-given/charybdis/tables/options_manager.go:32.72,34.83 1 0
github.com/zeroflucs-given/charybdis/tables/options_manager.go:34.83,37.4 2 0
github.com/zeroflucs-given/charybdis/tables/options_manager.go:42.73,44.83 1 0
github.com/zeroflucs-given/charybdis/tables/options_manager.go:44.83,47.4 2 0
github.com/zeroflucs-given/charybdis/tables/options_manager.go:52.69,54.83 1 0
github.com/zeroflucs-given/charybdis/tables/options_manager.go:54.83,58.4 3 0
github.com/zeroflucs-given/charybdis/tables/options_manager.go:64.52,70.83 2 0
github.com/zeroflucs-given/charybdis/tables/options_manager.go:70.83,73.4 2 0
github.com/zeroflucs-given/charybdis/tables/options_manager.go:78.50,80.83 1 1
github.com/zeroflucs-given/charybdis/tables/options_manager.go:80.83,83.4 2 1
github.com/zeroflucs-given/charybdis/tables/options_manager.go:88.48,90.83 1 0
github.com/zeroflucs-given/charybdis/tables/options_manager.go:90.83,93.4 2 0
github.com/zeroflucs-given/charybdis/tables/options_manager.go:98.78,100.83 1 1
github.com/zeroflucs-given/charybdis/tables/options_manager.go:100.83,103.4 2 1
github.com/zeroflucs-given/charybdis/tables/options_manager.go:108.76,110.83 1 1
github.com/zeroflucs-given/charybdis/tables/options_manager.go:110.83,113.4 2 1
github.com/zeroflucs-given/charybdis/tables/options_manager.go:119.60,123.2 1 0
github.com/zeroflucs-given/charybdis/tables/options_manager.go:128.57,130.83 1 0
github.com/zeroflucs-given/charybdis/tables/options_manager.go:130.83,135.4 4 0
github.com/zeroflucs-given/charybdis/tables/options_manager.go:153.106,154.29 1 1
github.com/zeroflucs-given/charybdis/tables/options_manager.go:154.29,156.3 1 0
github.com/zeroflucs-given/charybdis/tables/options_manager.go:158.2,158.38 1 1
github.com/zeroflucs-given/charybdis/tables/options_manager.go:161.187,162.24 1 1
github.com/zeroflucs-given/charybdis/tables/options_manager.go:162.24,164.3 1 1
github.com/zeroflucs-given/charybdis/tables/options_manager.go:166.2,166.61 1 0
github.com/zeroflucs-given/charybdis/tables/options_manager.go:169.60,171.2 1 0
github.com/zeroflucs-given/charybdis/tables/options_manager.go:173.60,175.2 1 0
github.com/zeroflucs-given/charybdis/tables/options_manager.go:177.60,179.2 1 0
github.com/zeroflucs-given/charybdis/tables/options_manager.go:181.78,183.2 1 0
github.com/zeroflucs-given/charybdis/tables/options_manager.go:185.77,187.2 1 0
github.com/zeroflucs-given/charybdis/tables/options_query.go:16.69,17.27 1 1
github.com/zeroflucs-given/charybdis/tables/options_query.go:17.27,19.3 1 1
github.com/zeroflucs-given/charybdis/tables/options_query.go:20.2,20.26 1 1
github.com/zeroflucs-given/charybdis/tables/options_query.go:24.83,25.29 1 1
github.com/zeroflucs-given/charybdis/tables/options_query.go:25.29,27.3 1 1
github.com/zeroflucs-given/charybdis/tables/options_query.go:28.2,28.34 1 1
github.com/zeroflucs-given/charybdis/tables/options_query.go:31.42,33.2 1 1
github.com/zeroflucs-given/charybdis/tables/options_query.go:36.57,38.55 1 1
github.com/zeroflucs-given/charybdis/tables/options_query.go:38.55,40.4 1 1
github.com/zeroflucs-given/charybdis/tables/options_query.go:45.53,47.69 1 1
github.com/zeroflucs-given/charybdis/tables/options_query.go:47.69,48.34 1 1
github.com/zeroflucs-given/charybdis/tables/options_query.go:48.34,50.5 1 0
github.com/zeroflucs-given/charybdis/tables/options_query.go:51.4,51.45 1 1
github.com/zeroflucs-given/charybdis/tables/options_query.go:57.49,61.2 1 1
github.com/zeroflucs-given/charybdis/tables/options_query.go:65.55,67.69 1 0
github.com/zeroflucs-given/charybdis/tables/options_query.go:67.69,68.28 1 0
github.com/zeroflucs-given/charybdis/tables/options_query.go:68.28,70.5 1 0
github.com/zeroflucs-given/charybdis/tables/options_query.go:71.4,71.39 1 0
github.com/zeroflucs-given/charybdis/tables/options_query.go:78.44,80.59 1 0
github.com/zeroflucs-given/charybdis/tables/options_query.go:80.59,81.22 1 0
github.com/zeroflucs-given/charybdis/tables/options_query.go:81.22,83.5 1 0
github.com/zeroflucs-given/charybdis/tables/options_query.go:84.4,84.30 1 0
github.com/zeroflucs-given/charybdis/tables/options_query.go:91.50,93.69 1 0
github.com/zeroflucs-given/charybdis/tables/options_query.go:93.69,95.4 1 0
github.com/zeroflucs-given/charybdis/tables/options_query.go:96.59,98.4 1 0
github.com/zeroflucs-given/charybdis/tables/options_update.go:18.90,20.2 1 1
github.com/zeroflucs-given/charybdis/tables/options_update.go:22.52,24.2 1 1
github.com/zeroflucs-given/charybdis/tables/options_update.go:26.46,28.2 1 1
github.com/zeroflucs-given/charybdis/tables/options_update.go:31.62,41.70 2 1
github.com/zeroflucs-given/charybdis/tables/options_update.go:41.70,43.4 1 1
github.com/zeroflucs-given/charybdis/tables/options_update.go:49.77,52.70 1 0
github.com/zeroflucs-given/charybdis/tables/options_update.go:52.70,54.4 1 0
github.com/zeroflucs-given/charybdis/tables/options_update.go:60.52,62.70 1 0
github.com/zeroflucs-given/charybdis/tables/options_update.go:62.70,64.4 1 0
github.com/zeroflucs-given/charybdis/tables/options_upsert.go:17.90,18.30 1 1
github.com/zeroflucs-given/charybdis/tables/options_upsert.go:18.30,20.3 1 0
github.com/zeroflucs-given/charybdis/tables/options_upsert.go:21.2,21.35 1 1
github.com/zeroflucs-given/charybdis/tables/options_upsert.go:25.90,26.30 1 1
github.com/zeroflucs-given/charybdis/tables/options_upsert.go:26.30,28.3 1 0
github.com/zeroflucs-given/charybdis/tables/options_upsert.go:29.2,29.35 1 1
github.com/zeroflucs-given/charybdis/tables/options_upsert.go:32.46,34.2 1 1
github.com/zeroflucs-given/charybdis/tables/options_upsert.go:36.52,38.2 1 1
github.com/zeroflucs-given/charybdis/tables/options_upsert.go:41.44,43.70 1 1
github.com/zeroflucs-given/charybdis/tables/options_upsert.go:43.70,45.4 1 1
github.com/zeroflucs-given/charybdis/tables/options_upsert.go:46.70,48.4 1 1
github.com/zeroflucs-given/charybdis/tables/options_upsert.go:54.68,63.70 2 1
github.com/zeroflucs-given/charybdis/tables/options_upsert.go:63.70,65.4 1 1
github.com/zeroflucs-given/charybdis/tables/options_upsert.go:71.77,74.70 1 0
github.com/zeroflucs-given/charybdis/tables/options_upsert.go:74.70,76.4 1 0
github.com/zeroflucs-given/charybdis/tables/paging.go:18.146,21.6 2 1
github.com/zeroflucs-given/charybdis/tables/paging.go:21.6,27.28 2 1
github.com/zeroflucs-given/charybdis/tables/paging.go:27.28,28.18 1 1
github.com/zeroflucs-given/charybdis/tables/paging.go:28.18,29.13 1 0
github.com/zeroflucs-given/charybdis/tables/paging.go:31.4,31.35 1 1
github.com/zeroflucs-given/charybdis/tables/paging.go:33.3,33.23 1 1
github.com/zeroflucs-given/charybdis/tables/paging.go:33.23,35.4 1 1
github.com/zeroflucs-given/charybdis/tables/paging.go:38.3,38.25 1 1
github.com/zeroflucs-given/charybdis/tables/paging.go:38.25,40.4 1 0
github.com/zeroflucs-given/charybdis/tables/paging.go:42.3,47.17 4 1
github.com/zeroflucs-given/charybdis/tables/paging.go:47.17,49.4 1 0
github.com/zeroflucs-given/charybdis/tables/paging.go:49.9,49.31 1 1
github.com/zeroflucs-given/charybdis/tables/paging.go:49.31,50.9 1 1
github.com/zeroflucs-given/charybdis/tables/paging.go:53.3,54.23 2 1
github.com/zeroflucs-given/charybdis/tables/paging.go:54.23,56.4 1 0
github.com/zeroflucs-given/charybdis/tables/paging.go:59.3,59.47 1 1
github.com/zeroflucs-given/charybdis/tables/paging.go:59.47,60.9 1 1
github.com/zeroflucs-given/charybdis/tables/paging.go:64.3,64.31 1 1
github.com/zeroflucs-given/charybdis/tables/paging.go:67.2,67.12 1 1
github.com/zeroflucs-given/charybdis/tables/paging.go:71.106,72.22 1 1
github.com/zeroflucs-given/charybdis/tables/paging.go:72.22,74.3 1 0
github.com/zeroflucs-given/charybdis/tables/paging.go:76.2,77.55 2 1
github.com/zeroflucs-given/charybdis/tables/parameters.go:31.51,36.2 4 1
github.com/zeroflucs-given/charybdis/tables/scan.go:11.104,12.96 1 1
github.com/zeroflucs-given/charybdis/tables/scan.go:12.96,14.28 2 1
github.com/zeroflucs-given/charybdis/tables/scan.go:14.28,16.4 1 1
github.com/zeroflucs-given/charybdis/tables/scan.go:17.3,20.15 3 1
github.com/zeroflucs-given/charybdis/tables/scanner_greedy.go:12.49,14.2 1 0
github.com/zeroflucs-given/charybdis/tables/scanner_greedy.go:17.135,20.2 2 1
github.com/zeroflucs-given/charybdis/tables/scanner_greedy.go:23.42,25.2 1 1
github.com/zeroflucs-given/charybdis/tables/scanner_single_page.go:13.53,15.2 1 0
github.com/zeroflucs-given/charybdis/tables/scanner_single_page.go:18.139,23.2 4 0
github.com/zeroflucs-given/charybdis/tables/scanner_single_page.go:26.46,28.2 1 0
github.com/zeroflucs-given/charybdis/tables/scanner_single_page.go:31.51,33.2 1 0
github.com/zeroflucs-given/charybdis/tables/select.go:14.103,15.141 1 1
github.com/zeroflucs-given/charybdis/tables/select.go:15.141,20.3 4 1
github.com/zeroflucs-given/charybdis/tables/select.go:24.99,25.139 1 1
github.com/zeroflucs-given/charybdis/tables/select.go:25.139,30.3 4 1
github.com/zeroflucs-given/charybdis/tables/select.go:34.100,35.139 1 0
github.com/zeroflucs-given/charybdis/tables/select.go:35.139,40.3 4 0
github.com/zeroflucs-given/charybdis/tables/select.go:44.88,45.136 1 0
github.com/zeroflucs-given/charybdis/tables/select.go:45.136,50.3 4 0
github.com/zeroflucs-given/charybdis/tables/select.go:54.133,55.142 1 1
github.com/zeroflucs-given/charybdis/tables/select.go:55.142,60.45 4 1
github.com/zeroflucs-given/charybdis/tables/select.go:60.45,62.4 1 1
github.com/zeroflucs-given/charybdis/tables/select.go:64.3,64.22 1 1
github.com/zeroflucs-given/charybdis/tables/select.go:64.22,66.4 1 0
github.com/zeroflucs-given/charybdis/tables/select.go:68.3,68.22 1 1
github.com/zeroflucs-given/charybdis/tables/select.go:73.154,74.133 1 0
github.com/zeroflucs-given/charybdis/tables/select.go:74.133,76.3 1 0
github.com/zeroflucs-given/charybdis/tables/select.go:80.157,81.135 1 1
github.com/zeroflucs-given/charybdis/tables/select.go:81.135,82.97 1 1
github.com/zeroflucs-given/charybdis/tables/select.go:82.97,86.4 3 1
github.com/zeroflucs-given/charybdis/tables/select.go:91.141,92.134 1 1
github.com/zeroflucs-given/charybdis/tables/select.go:92.134,93.97 1 1
github.com/zeroflucs-given/charybdis/tables/select.go:93.97,96.4 2 1
github.com/zeroflucs-given/charybdis/tables/select.go:101.137,102.132 1 1
github.com/zeroflucs-given/charybdis/tables/select.go:102.132,103.97 1 1
github.com/zeroflucs-given/charybdis/tables/select.go:103.97,108.4 3 1
github.com/zeroflucs-given/charybdis/tables/select.go:113.87,117.27 3 1
github.com/zeroflucs-given/charybdis/tables/select.go:117.27,120.3 2 1
github.com/zeroflucs-given/charybdis/tables/select.go:122.2,122.20 1 1
github.com/zeroflucs-given/charybdis/tables/select.go:122.20,124.3 1 1
github.com/zeroflucs-given/charybdis/tables/select.go:125.2,127.16 2 1
github.com/zeroflucs-given/charybdis/tables/select.go:131.134,133.27 2 1
github.com/zeroflucs-given/charybdis/tables/select.go:133.27,135.3 1 0
github.com/zeroflucs-given/charybdis/tables/select.go:136.2,136.14 1 1
github.com/zeroflucs-given/charybdis/tables/select.go:140.157,142.27 2 1
github.com/zeroflucs-given/charybdis/tables/select.go:142.27,144.3 1 0
github.com/zeroflucs-given/charybdis/tables/select.go:145.2,145.14 1 1
github.com/zeroflucs-given/charybdis/tables/table_manager.go:18.101,22.30 3 1
github.com/zeroflucs-given/charybdis/tables/table_manager.go:22.30,24.17 2 1
github.com/zeroflucs-given/charybdis/tables/table_manager.go:24.17,26.4 1 0
github.com/zeroflucs-given/charybdis/tables/table_manager.go:29.2,31.58 2 1
github.com/zeroflucs-given/charybdis/tables/table_manager.go:31.58,37.3 1 0
github.com/zeroflucs-given/charybdis/tables/table_manager.go:40.2,40.30 1 1
github.com/zeroflucs-given/charybdis/tables/table_manager.go:40.30,42.17 2 1
github.com/zeroflucs-given/charybdis/tables/table_manager.go:42.17,44.4 1 0
github.com/zeroflucs-given/charybdis/tables/table_manager.go:48.2,49.21 2 1
github.com/zeroflucs-given/charybdis/tables/table_manager.go:49.21,51.3 1 0
github.com/zeroflucs-given/charybdis/tables/table_manager.go:54.2,55.16 2 1
github.com/zeroflucs-given/charybdis/tables/table_manager.go:55.16,57.3 1 0
github.com/zeroflucs-given/charybdis/tables/table_manager.go:59.2,80.124 2 1
github.com/zeroflucs-given/charybdis/tables/table_manager.go:80.124,82.5 1 1
github.com/zeroflucs-given/charybdis/tables/table_manager.go:82.60,84.5 1 1
github.com/zeroflucs-given/charybdis/tables/table_manager.go:85.123,87.5 1 1
github.com/zeroflucs-given/charybdis/tables/table_manager.go:88.127,90.5 1 1
github.com/zeroflucs-given/charybdis/tables/table_manager.go:90.60,92.5 1 1
github.com/zeroflucs-given/charybdis/tables/table_manager.go:115.75,117.2 1 0
github.com/zeroflucs-given/charybdis/tables/update.go:14.100,15.120 1 1
github.com/zeroflucs-given/charybdis/tables/update.go:15.120,17.3 1 1
github.com/zeroflucs-given/charybdis/tables/update.go:21.108,24.16 2 1
github.com/zeroflucs-given/charybdis/tables/update.go:24.16,26.3 1 0
github.com/zeroflucs-given/charybdis/tables/update.go:29.2,36.27 4 1
github.com/zeroflucs-given/charybdis/tables/update.go:36.27,37.27 1 1
github.com/zeroflucs-given/charybdis/tables/update.go:37.27,39.4 1 1
github.com/zeroflucs-given/charybdis/tables/update.go:40.3,41.38 2 1
github.com/zeroflucs-given/charybdis/tables/update.go:41.38,43.4 1 1
github.com/zeroflucs-given/charybdis/tables/update.go:47.2,47.24 1 1
github.com/zeroflucs-given/charybdis/tables/update.go:47.24,50.3 1 1
github.com/zeroflucs-given/charybdis/tables/update.go:52.2,58.6 6 1
github.com/zeroflucs-given/charybdis/tables/update.go:58.6,64.17 2 1
github.com/zeroflucs-given/charybdis/tables/update.go:64.17,65.9 1 1
github.com/zeroflucs-given/charybdis/tables/update.go:68.3,70.17 3 0
github.com/zeroflucs-given/charybdis/tables/update.go:70.17,72.4 1 0
github.com/zeroflucs-given/charybdis/tables/update.go:74.3,81.4 1 0
github.com/zeroflucs-given/charybdis/tables/update.go:84.2,84.14 1 1
github.com/zeroflucs-given/charybdis/tables/update.go:84.14,86.3 1 1
github.com/zeroflucs-given/charybdis/tables/update.go:89.2,90.20 2 1
github.com/zeroflucs-given/charybdis/tables/update.go:90.20,92.3 1 0
github.com/zeroflucs-given/charybdis/tables/update.go:94.2,94.12 1 1
github.com/zeroflucs-given/charybdis/tables/upsert.go:15.100,16.120 1 1
github.com/zeroflucs-given/charybdis/tables/upsert.go:16.120,18.3 1 1
github.com/zeroflucs-given/charybdis/tables/upsert.go:23.124,24.22 1 0
github.com/zeroflucs-given/charybdis/tables/upsert.go:24.22,26.3 1 0
github.com/zeroflucs-given/charybdis/tables/upsert.go:28.2,28.124 1 0
github.com/zeroflucs-given/charybdis/tables/upsert.go:28.124,32.31 3 0
github.com/zeroflucs-given/charybdis/tables/upsert.go:32.31,34.24 2 0
github.com/zeroflucs-given/charybdis/tables/upsert.go:34.24,36.5 1 0
github.com/zeroflucs-given/charybdis/tables/upsert.go:39.3,39.20 1 0
github.com/zeroflucs-given/charybdis/tables/upsert.go:44.108,47.19 2 1
github.com/zeroflucs-given/charybdis/tables/upsert.go:47.19,49.3 1 0
github.com/zeroflucs-given/charybdis/tables/upsert.go:52.2,58.27 3 1
github.com/zeroflucs-given/charybdis/tables/upsert.go:58.27,60.38 2 1
github.com/zeroflucs-given/charybdis/tables/upsert.go:60.38,62.4 1 1
github.com/zeroflucs-given/charybdis/tables/upsert.go:65.2,70.6 5 1
github.com/zeroflucs-given/charybdis/tables/upsert.go:70.6,75.17 2 1
github.com/zeroflucs-given/charybdis/tables/upsert.go:75.17,76.9 1 1
github.com/zeroflucs-given/charybdis/tables/upsert.go:79.3,81.17 3 0
github.com/zeroflucs-given/charybdis/tables/upsert.go:81.17,83.4 1 0
github.com/zeroflucs-given/charybdis/tables/upsert.go:85.3,92.4 1 0
github.com/zeroflucs-given/charybdis/tables/upsert.go:96.2,97.20 2 1
github.com/zeroflucs-given/charybdis/tables/upsert.go:97.20,99.3 1 0
github.com/zeroflucs-given/charybdis/tables/upsert.go:101.2,101.12 1 1
github.com/zeroflucs-given/charybdis/tables/utils.go:14.176,18.15 3 1
github.com/zeroflucs-given/charybdis/tables/utils.go:18.15,23.3 3 0
github.com/zeroflucs-given/charybdis/tables/utils.go:26.2,30.39 2 1
github.com/zeroflucs-given/charybdis/tables/utils.go:30.39,32.3 1 0
github.com/zeroflucs-given/charybdis/tables/utils.go:32.8,32.23 1 1
github.com/zeroflucs-given/charybdis/tables/utils.go:32.23,33.16 1 1
github.com/zeroflucs-given/charybdis/tables/utils.go:33.16,35.4 1 0
github.com/zeroflucs-given/charybdis/tables/utils.go:36.3,36.13 1 1
github.com/zeroflucs-given/charybdis/tables/utils.go:39.2,39.12 1 1
github.com/zeroflucs-given/charybdis/tables/utils.go:43.215,48.15 4 1
github.com/zeroflucs-given/charybdis/tables/utils.go:48.15,53.3 3 0
github.com/zeroflucs-given/charybdis/tables/utils.go:56.2,60.39 2 1
github.com/zeroflucs-given/charybdis/tables/utils.go:60.39,62.3 1 1
github.com/zeroflucs-given/charybdis/tables/utils.go:62.8,62.23 1 1
github.com/zeroflucs-given/charybdis/tables/utils.go:62.23,63.16 1 0
github.com/zeroflucs-given/charybdis/tables/utils.go:63.16,65.4 1 0
github.com/zeroflucs-given/charybdis/tables/utils.go:66.3,66.19 1 0
github.com/zeroflucs-given/charybdis/tables/utils.go:69.2,69.20 1 1
github.com/zeroflucs-given/charybdis/tables/view_manager.go:18.99,22.30 3 1
github.com/zeroflucs-given/charybdis/tables/view_manager.go:22.30,24.17 2 1
github.com/zeroflucs-given/charybdis/tables/view_manager.go:24.17,26.4 1 0
github.com/zeroflucs-given/charybdis/tables/view_manager.go:30.2,30.30 1 1
github.com/zeroflucs-given/charybdis/tables/view_manager.go:30.30,32.17 2 1
github.com/zeroflucs-given/charybdis/tables/view_manager.go:32.17,34.4 1 0
github.com/zeroflucs-given/charybdis/tables/view_manager.go:38.2,39.21 2 1
github.com/zeroflucs-given/charybdis/tables/view_manager.go:39.21,41.3 1 0
github.com/zeroflucs-given/charybdis/tables/view_manager.go:44.2,45.20 2 1
github.com/zeroflucs-given/charybdis/tables/view_manager.go:45.20,47.3 1 0
github.com/zeroflucs-given/charybdis/tables/view_manager.go:50.2,51.16 2 1
github.com/zeroflucs-given/charybdis/tables/view_manager.go:51.16,53.3 1 0
github.com/zeroflucs-given/charybdis/tables/view_manager.go:55.2,76.122 2 1
github.com/zeroflucs-given/charybdis/tables/view_manager.go:76.122,78.5 1 1
github.com/zeroflucs-given/charybdis/tables/view_manager.go:80.99,82.6 1 1
github.com/zeroflucs-given/charybdis/tables/view_manager.go:83.95,85.6 1 1
